#
# There is insufficient memory for the Java Runtime Environment to continue.
# Native memory allocation (malloc) failed to allocate 863616 bytes for Chunk::new
# Possible reasons:
#   The system is out of physical RAM or swap space
#   The process is running with CompressedOops enabled, and the Java Heap may be blocking the growth of the native heap
# Possible solutions:
#   Reduce memory load on the system
#   Increase physical memory or swap space
#   Check if swap backing store is full
#   Decrease Java heap size (-Xmx/-Xms)
#   Decrease number of Java threads
#   Decrease Java thread stack sizes (-Xss)
#   Set larger code cache with -XX:ReservedCodeCacheSize=
#   JVM is running with Unscaled Compressed Oops mode in which the Java heap is
#     placed in the first 4GB address space. The Java Heap base address is the
#     maximum limit for the native heap growth. Please use -XX:HeapBaseMinAddress
#     to set the Java Heap base and to place the Java Heap above 4GB virtual address.
# This output file may be truncated or incomplete.
#
#  Out of Memory Error (./open/src/hotspot/share/memory/arena.cpp:197), pid=5896, tid=8092
#
# JRE version: Java(TM) SE Runtime Environment 18.9 (11.0.17+10) (build 11.0.17+10-LTS-269)
# Java VM: Java HotSpot(TM) 64-Bit Server VM 18.9 (11.0.17+10-LTS-269, mixed mode, tiered, compressed oops, g1 gc, windows-amd64)
# No core dump will be written. Minidumps are not enabled by default on client versions of Windows
#

---------------  S U M M A R Y ------------

Command Line: -XX:MaxMetaspaceSize=512m --add-opens=java.base/java.util=ALL-UNNAMED --add-opens=java.base/java.lang=ALL-UNNAMED --add-opens=java.base/java.lang.invoke=ALL-UNNAMED --add-opens=java.prefs/java.util.prefs=ALL-UNNAMED --add-opens=java.base/java.nio.charset=ALL-UNNAMED --add-opens=java.base/java.net=ALL-UNNAMED --add-opens=java.base/java.util.concurrent.atomic=ALL-UNNAMED -Xmx2048m -Dfile.encoding=windows-1252 -Duser.country=US -Duser.language=en -Duser.variant org.gradle.launcher.daemon.bootstrap.GradleDaemon 8.0.1

Host: Intel(R) Core(TM) i5-4200U CPU @ 1.60GHz, 4 cores, 7G,  Windows 10 , 64 bit Build 19041 (10.0.19041.3570)
Time: Sun Oct 29 14:11:00 2023 SE Asia Standard Time elapsed time: 101.846806 seconds (0d 0h 1m 41s)

---------------  T H R E A D  ---------------

Current thread (0x000001df6c810800):  JavaThread "C2 CompilerThread0" daemon [_thread_in_native, id=8092, stack(0x000000be77e00000,0x000000be77f00000)]


Current CompileTask:
C2: 101846 5887   !   4       org.jetbrains.kotlin.metadata.ProtoBuf$Function::<init> (1410 bytes)

Stack: [0x000000be77e00000,0x000000be77f00000]
Native frames: (J=compiled Java code, j=interpreted, Vv=VM code, C=native code)
V  [jvm.dll+0x62b5da]
V  [jvm.dll+0x7653df]
V  [jvm.dll+0x766a89]
V  [jvm.dll+0x767113]
V  [jvm.dll+0x23dd28]
V  [jvm.dll+0xb2a1c]
V  [jvm.dll+0xb2fdc]
V  [jvm.dll+0x2aeaa4]
V  [jvm.dll+0x53e83b]
V  [jvm.dll+0x1f9f0f]
V  [jvm.dll+0x1f77dd]
V  [jvm.dll+0x177c91]
V  [jvm.dll+0x207296]
V  [jvm.dll+0x20542b]
V  [jvm.dll+0x72b2c0]
V  [jvm.dll+0x723e64]
V  [jvm.dll+0x62a485]
C  [ucrtbase.dll+0x21bb2]
C  [KERNEL32.DLL+0x17344]
C  [ntdll.dll+0x526b1]


---------------  P R O C E S S  ---------------

Threads class SMR info:
_java_thread_list=0x000001df7275c390, length=35, elements={
0x000001df4e711800, 0x000001df6be9a000, 0x000001df6be9c000, 0x000001df6beb5800,
0x000001df6befb800, 0x000001df6befc000, 0x000001df6c810800, 0x000001df6bf0d800,
0x000001df6c86b000, 0x000001df6c966800, 0x000001df6e6bf800, 0x000001df6e098000,
0x000001df6d374000, 0x000001df6e0c1800, 0x000001df6d8cb800, 0x000001df6cc6f800,
0x000001df6d8cc800, 0x000001df6d8cd800, 0x000001df6da6b800, 0x000001df6da6a800,
0x000001df6da6d000, 0x000001df6da6a000, 0x000001df6da6c800, 0x000001df6da70800,
0x000001df6da6f800, 0x000001df6da6e000, 0x000001df6da6f000, 0x000001df6edf3000,
0x000001df6edf0000, 0x000001df6edef000, 0x000001df6edf5000, 0x000001df6edf4000,
0x000001df6edf2800, 0x000001df6edf1000, 0x000001df6edf7800
}

Java Threads: ( => current thread )
  0x000001df4e711800 JavaThread "main" [_thread_blocked, id=2644, stack(0x000000be77200000,0x000000be77300000)]
  0x000001df6be9a000 JavaThread "Reference Handler" daemon [_thread_blocked, id=11064, stack(0x000000be77900000,0x000000be77a00000)]
  0x000001df6be9c000 JavaThread "Finalizer" daemon [_thread_blocked, id=12628, stack(0x000000be77a00000,0x000000be77b00000)]
  0x000001df6beb5800 JavaThread "Signal Dispatcher" daemon [_thread_blocked, id=10004, stack(0x000000be77b00000,0x000000be77c00000)]
  0x000001df6befb800 JavaThread "Attach Listener" daemon [_thread_blocked, id=10676, stack(0x000000be77c00000,0x000000be77d00000)]
  0x000001df6befc000 JavaThread "Service Thread" daemon [_thread_blocked, id=9564, stack(0x000000be77d00000,0x000000be77e00000)]
=>0x000001df6c810800 JavaThread "C2 CompilerThread0" daemon [_thread_in_native, id=8092, stack(0x000000be77e00000,0x000000be77f00000)]
  0x000001df6bf0d800 JavaThread "C1 CompilerThread0" daemon [_thread_blocked, id=6560, stack(0x000000be77f00000,0x000000be78000000)]
  0x000001df6c86b000 JavaThread "Sweeper thread" daemon [_thread_blocked, id=8968, stack(0x000000be78000000,0x000000be78100000)]
  0x000001df6c966800 JavaThread "Common-Cleaner" daemon [_thread_blocked, id=10460, stack(0x000000be78100000,0x000000be78200000)]
  0x000001df6e6bf800 JavaThread "Daemon health stats" [_thread_blocked, id=10024, stack(0x000000be78500000,0x000000be78600000)]
  0x000001df6e098000 JavaThread "Incoming local TCP Connector on port 56435" [_thread_in_native, id=9384, stack(0x000000be78600000,0x000000be78700000)]
  0x000001df6d374000 JavaThread "Daemon periodic checks" [_thread_blocked, id=572, stack(0x000000be78700000,0x000000be78800000)]
  0x000001df6e0c1800 JavaThread "Daemon" [_thread_blocked, id=9404, stack(0x000000be78800000,0x000000be78900000)]
  0x000001df6d8cb800 JavaThread "Handler for socket connection from /127.0.0.1:56435 to /127.0.0.1:56437" [_thread_in_native, id=7896, stack(0x000000be78900000,0x000000be78a00000)]
  0x000001df6cc6f800 JavaThread "Cancel handler" [_thread_blocked, id=8844, stack(0x000000be78a00000,0x000000be78b00000)]
  0x000001df6d8cc800 JavaThread "Daemon worker" [_thread_in_vm, id=7792, stack(0x000000be78b00000,0x000000be78c00000)]
  0x000001df6d8cd800 JavaThread "Asynchronous log dispatcher for DefaultDaemonConnection: socket connection from /127.0.0.1:56435 to /127.0.0.1:56437" [_thread_blocked, id=9936, stack(0x000000be78c00000,0x000000be78d00000)]
  0x000001df6da6b800 JavaThread "Daemon client event forwarder" [_thread_blocked, id=2692, stack(0x000000be78e00000,0x000000be78f00000)]
  0x000001df6da6a800 JavaThread "Cache worker for journal cache (C:\Users\USER\.gradle\caches\journal-1)" [_thread_blocked, id=32, stack(0x000000be79000000,0x000000be79100000)]
  0x000001df6da6d000 JavaThread "File lock request listener" [_thread_in_native, id=3016, stack(0x000000be79100000,0x000000be79200000)]
  0x000001df6da6a000 JavaThread "Cache worker for file hash cache (C:\Users\USER\.gradle\caches\8.0.1\fileHashes)" [_thread_blocked, id=6260, stack(0x000000be79200000,0x000000be79300000)]
  0x000001df6da6c800 JavaThread "File watcher server" daemon [_thread_in_native, id=11544, stack(0x000000be79300000,0x000000be79400000)]
  0x000001df6da70800 JavaThread "File watcher consumer" daemon [_thread_blocked, id=9372, stack(0x000000be79400000,0x000000be79500000)]
  0x000001df6da6f800 JavaThread "Cache worker for checksums cache (C:\Users\USER\ReactNativeProject\android\.gradle\8.0.1\checksums)" [_thread_blocked, id=10956, stack(0x000000be79500000,0x000000be79600000)]
  0x000001df6da6e000 JavaThread "Cache worker for cache directory md-rule (C:\Users\USER\.gradle\caches\8.0.1\md-rule)" [_thread_blocked, id=5084, stack(0x000000be79600000,0x000000be79700000)]
  0x000001df6da6f000 JavaThread "Cache worker for file content cache (C:\Users\USER\.gradle\caches\8.0.1\fileContent)" [_thread_blocked, id=12436, stack(0x000000be79700000,0x000000be79800000)]
  0x000001df6edf3000 JavaThread "Cache worker for file hash cache (C:\Users\USER\ReactNativeProject\android\.gradle\8.0.1\fileHashes)" [_thread_blocked, id=3020, stack(0x000000be77000000,0x000000be77100000)]
  0x000001df6edf0000 JavaThread "Cache worker for cache directory md-supplier (C:\Users\USER\.gradle\caches\8.0.1\md-supplier)" [_thread_blocked, id=12724, stack(0x000000be79800000,0x000000be79900000)]
  0x000001df6edef000 JavaThread "Cache worker for execution history cache (C:\Users\USER\.gradle\caches\8.0.1\executionHistory)" [_thread_blocked, id=4896, stack(0x000000be79900000,0x000000be79a00000)]
  0x000001df6edf5000 JavaThread "jar transforms" [_thread_blocked, id=13048, stack(0x000000be79b00000,0x000000be79c00000)]
  0x000001df6edf4000 JavaThread "jar transforms Thread 2" [_thread_blocked, id=11528, stack(0x000000be79c00000,0x000000be79d00000)]
  0x000001df6edf2800 JavaThread "jar transforms Thread 3" [_thread_blocked, id=12884, stack(0x000000be79a00000,0x000000be79b00000)]
  0x000001df6edf1000 JavaThread "jar transforms Thread 4" [_thread_blocked, id=6316, stack(0x000000be79d00000,0x000000be79e00000)]
  0x000001df6edf7800 JavaThread "Cache worker for kotlin-dsl (C:\Users\USER\.gradle\caches\8.0.1\kotlin-dsl)" [_thread_blocked, id=6372, stack(0x000000be77100000,0x000000be77200000)]

Other Threads:
  0x000001df6be95000 VMThread "VM Thread" [stack: 0x000000be77800000,0x000000be77900000] [id=5148]
  0x000001df6c9c6800 WatcherThread [stack: 0x000000be78200000,0x000000be78300000] [id=8664]
  0x000001df4c61a000 GCTaskThread "GC Thread#0" [stack: 0x000000be77300000,0x000000be77400000] [id=5288]
  0x000001df6cb7a800 GCTaskThread "GC Thread#1" [stack: 0x000000be78300000,0x000000be78400000] [id=4296]
  0x000001df6ccb1000 GCTaskThread "GC Thread#2" [stack: 0x000000be78400000,0x000000be78500000] [id=10032]
  0x000001df6d885800 GCTaskThread "GC Thread#3" [stack: 0x000000be78f00000,0x000000be79000000] [id=11848]
  0x000001df4e753800 ConcurrentGCThread "G1 Main Marker" [stack: 0x000000be77400000,0x000000be77500000] [id=10368]
  0x000001df4e755800 ConcurrentGCThread "G1 Conc#0" [stack: 0x000000be77500000,0x000000be77600000] [id=2068]
  0x000001df4e7e2000 ConcurrentGCThread "G1 Refine#0" [stack: 0x000000be77600000,0x000000be77700000] [id=6792]
  0x000001df4e7e3000 ConcurrentGCThread "G1 Young RemSet Sampling" [stack: 0x000000be77700000,0x000000be77800000] [id=3228]

Threads with active compile tasks:
C2 CompilerThread0   101929 5887   !   4       org.jetbrains.kotlin.metadata.ProtoBuf$Function::<init> (1410 bytes)

VM state:not at safepoint (normal execution)

VM Mutex/Monitor currently owned by a thread: None

Heap address: 0x0000000080000000, size: 2048 MB, Compressed Oops mode: 32-bit
Narrow klass base: 0x0000000000000000, Narrow klass shift: 3
Compressed class space size: 528482304 Address: 0x0000000100000000

Heap:
 garbage-first heap   total 131072K, used 93889K [0x0000000080000000, 0x0000000100000000)
  region size 1024K, 32 young (32768K), 4 survivors (4096K)
 Metaspace       used 80268K, capacity 81900K, committed 82168K, reserved 587776K
  class space    used 10324K, capacity 10992K, committed 11008K, reserved 516096K
Heap Regions: E=young(eden), S=young(survivor), O=old, HS=humongous(starts), HC=humongous(continues), CS=collection set, F=free, A=archive, TAMS=top-at-mark-start (previous, next)
|   0|0x0000000080000000, 0x0000000080100000, 0x0000000080100000|100%| O|  |TAMS 0x0000000080100000, 0x0000000080000000| Untracked 
|   1|0x0000000080100000, 0x0000000080200000, 0x0000000080200000|100%| O|  |TAMS 0x0000000080200000, 0x0000000080100000| Untracked 
|   2|0x0000000080200000, 0x0000000080300000, 0x0000000080300000|100%| O|  |TAMS 0x0000000080300000, 0x0000000080200000| Untracked 
|   3|0x0000000080300000, 0x0000000080400000, 0x0000000080400000|100%|HS|  |TAMS 0x0000000080400000, 0x0000000080300000| Complete 
|   4|0x0000000080400000, 0x0000000080500000, 0x0000000080500000|100%|HC|  |TAMS 0x0000000080500000, 0x0000000080400000| Complete 
|   5|0x0000000080500000, 0x0000000080600000, 0x0000000080600000|100%|HC|  |TAMS 0x0000000080600000, 0x0000000080500000| Complete 
|   6|0x0000000080600000, 0x0000000080700000, 0x0000000080700000|100%|HC|  |TAMS 0x0000000080700000, 0x0000000080600000| Complete 
|   7|0x0000000080700000, 0x0000000080800000, 0x0000000080800000|100%| O|  |TAMS 0x0000000080800000, 0x0000000080700000| Untracked 
|   8|0x0000000080800000, 0x0000000080900000, 0x0000000080900000|100%| O|  |TAMS 0x0000000080900000, 0x0000000080800000| Untracked 
|   9|0x0000000080900000, 0x0000000080a00000, 0x0000000080a00000|100%| O|  |TAMS 0x0000000080a00000, 0x0000000080900000| Untracked 
|  10|0x0000000080a00000, 0x0000000080b00000, 0x0000000080b00000|100%| O|  |TAMS 0x0000000080b00000, 0x0000000080a00000| Untracked 
|  11|0x0000000080b00000, 0x0000000080c00000, 0x0000000080c00000|100%| O|  |TAMS 0x0000000080c00000, 0x0000000080b00000| Untracked 
|  12|0x0000000080c00000, 0x0000000080d00000, 0x0000000080d00000|100%| O|  |TAMS 0x0000000080d00000, 0x0000000080c00000| Untracked 
|  13|0x0000000080d00000, 0x0000000080e00000, 0x0000000080e00000|100%| O|  |TAMS 0x0000000080e00000, 0x0000000080d00000| Untracked 
|  14|0x0000000080e00000, 0x0000000080f00000, 0x0000000080f00000|100%| O|  |TAMS 0x0000000080f00000, 0x0000000080e00000| Untracked 
|  15|0x0000000080f00000, 0x0000000081000000, 0x0000000081000000|100%| O|  |TAMS 0x0000000081000000, 0x0000000080f00000| Untracked 
|  16|0x0000000081000000, 0x0000000081100000, 0x0000000081100000|100%| O|  |TAMS 0x0000000081100000, 0x0000000081000000| Untracked 
|  17|0x0000000081100000, 0x0000000081200000, 0x0000000081200000|100%| O|  |TAMS 0x0000000081200000, 0x0000000081100000| Untracked 
|  18|0x0000000081200000, 0x0000000081300000, 0x0000000081300000|100%| O|  |TAMS 0x0000000081300000, 0x0000000081200000| Untracked 
|  19|0x0000000081300000, 0x0000000081400000, 0x0000000081400000|100%| O|  |TAMS 0x0000000081400000, 0x0000000081300000| Untracked 
|  20|0x0000000081400000, 0x0000000081500000, 0x0000000081500000|100%| O|  |TAMS 0x0000000081500000, 0x0000000081400000| Untracked 
|  21|0x0000000081500000, 0x0000000081600000, 0x0000000081600000|100%| O|  |TAMS 0x0000000081600000, 0x0000000081500000| Untracked 
|  22|0x0000000081600000, 0x0000000081700000, 0x0000000081700000|100%| O|  |TAMS 0x0000000081700000, 0x0000000081600000| Untracked 
|  23|0x0000000081700000, 0x0000000081800000, 0x0000000081800000|100%| O|  |TAMS 0x0000000081800000, 0x0000000081700000| Untracked 
|  24|0x0000000081800000, 0x0000000081900000, 0x0000000081900000|100%| O|  |TAMS 0x0000000081900000, 0x0000000081800000| Untracked 
|  25|0x0000000081900000, 0x0000000081a00000, 0x0000000081a00000|100%| O|  |TAMS 0x0000000081a00000, 0x0000000081900000| Untracked 
|  26|0x0000000081a00000, 0x0000000081b00000, 0x0000000081b00000|100%| O|  |TAMS 0x0000000081b00000, 0x0000000081a00000| Untracked 
|  27|0x0000000081b00000, 0x0000000081c00000, 0x0000000081c00000|100%| O|  |TAMS 0x0000000081c00000, 0x0000000081b00000| Untracked 
|  28|0x0000000081c00000, 0x0000000081d00000, 0x0000000081d00000|100%| O|  |TAMS 0x0000000081d00000, 0x0000000081c00000| Untracked 
|  29|0x0000000081d00000, 0x0000000081e00000, 0x0000000081e00000|100%|HS|  |TAMS 0x0000000081e00000, 0x0000000081d00000| Complete 
|  30|0x0000000081e00000, 0x0000000081f00000, 0x0000000081f00000|100%|HC|  |TAMS 0x0000000081f00000, 0x0000000081e00000| Complete 
|  31|0x0000000081f00000, 0x0000000082000000, 0x0000000082000000|100%|HC|  |TAMS 0x0000000082000000, 0x0000000081f00000| Complete 
|  32|0x0000000082000000, 0x0000000082100000, 0x0000000082100000|100%|HC|  |TAMS 0x0000000082100000, 0x0000000082000000| Complete 
|  33|0x0000000082100000, 0x0000000082200000, 0x0000000082200000|100%|HS|  |TAMS 0x0000000082200000, 0x0000000082100000| Complete 
|  34|0x0000000082200000, 0x0000000082300000, 0x0000000082300000|100%|HC|  |TAMS 0x0000000082300000, 0x0000000082200000| Complete 
|  35|0x0000000082300000, 0x0000000082400000, 0x0000000082400000|100%|HC|  |TAMS 0x0000000082400000, 0x0000000082300000| Complete 
|  36|0x0000000082400000, 0x0000000082500000, 0x0000000082500000|100%|HC|  |TAMS 0x0000000082500000, 0x0000000082400000| Complete 
|  37|0x0000000082500000, 0x0000000082600000, 0x0000000082600000|100%|HC|  |TAMS 0x0000000082600000, 0x0000000082500000| Complete 
|  38|0x0000000082600000, 0x0000000082700000, 0x0000000082700000|100%|HC|  |TAMS 0x0000000082700000, 0x0000000082600000| Complete 
|  39|0x0000000082700000, 0x0000000082800000, 0x0000000082800000|100%| O|  |TAMS 0x0000000082800000, 0x0000000082700000| Untracked 
|  40|0x0000000082800000, 0x0000000082900000, 0x0000000082900000|100%| O|  |TAMS 0x0000000082900000, 0x0000000082800000| Untracked 
|  41|0x0000000082900000, 0x0000000082a00000, 0x0000000082a00000|100%| O|  |TAMS 0x0000000082a00000, 0x0000000082900000| Untracked 
|  42|0x0000000082a00000, 0x0000000082b00000, 0x0000000082b00000|100%| O|  |TAMS 0x0000000082b00000, 0x0000000082a00000| Untracked 
|  43|0x0000000082b00000, 0x0000000082c00000, 0x0000000082c00000|100%| O|  |TAMS 0x0000000082c00000, 0x0000000082b00000| Untracked 
|  44|0x0000000082c00000, 0x0000000082d00000, 0x0000000082d00000|100%| O|  |TAMS 0x0000000082d00000, 0x0000000082c00000| Untracked 
|  45|0x0000000082d00000, 0x0000000082e00000, 0x0000000082e00000|100%| O|  |TAMS 0x0000000082e00000, 0x0000000082d00000| Untracked 
|  46|0x0000000082e00000, 0x0000000082f00000, 0x0000000082f00000|100%| O|  |TAMS 0x0000000082f00000, 0x0000000082e00000| Untracked 
|  47|0x0000000082f00000, 0x0000000083000000, 0x0000000083000000|100%| O|  |TAMS 0x0000000083000000, 0x0000000082f00000| Untracked 
|  48|0x0000000083000000, 0x0000000083100000, 0x0000000083100000|100%| O|  |TAMS 0x0000000083100000, 0x0000000083000000| Untracked 
|  49|0x0000000083100000, 0x0000000083200000, 0x0000000083200000|100%| O|  |TAMS 0x0000000083200000, 0x0000000083100000| Untracked 
|  50|0x0000000083200000, 0x0000000083300000, 0x0000000083300000|100%| O|  |TAMS 0x0000000083300000, 0x0000000083200000| Untracked 
|  51|0x0000000083300000, 0x0000000083400000, 0x0000000083400000|100%| O|  |TAMS 0x0000000083400000, 0x0000000083300000| Untracked 
|  52|0x0000000083400000, 0x0000000083500000, 0x0000000083500000|100%| O|  |TAMS 0x0000000083500000, 0x0000000083400000| Untracked 
|  53|0x0000000083500000, 0x0000000083600000, 0x0000000083600000|100%| O|  |TAMS 0x0000000083600000, 0x0000000083500000| Untracked 
|  54|0x0000000083600000, 0x0000000083700000, 0x0000000083700000|100%| O|  |TAMS 0x0000000083700000, 0x0000000083600000| Untracked 
|  55|0x0000000083700000, 0x0000000083800000, 0x0000000083800000|100%| O|  |TAMS 0x0000000083800000, 0x0000000083700000| Untracked 
|  56|0x0000000083800000, 0x0000000083900000, 0x0000000083900000|100%| O|  |TAMS 0x0000000083900000, 0x0000000083800000| Untracked 
|  57|0x0000000083900000, 0x0000000083a00000, 0x0000000083a00000|100%| O|  |TAMS 0x0000000083a00000, 0x0000000083900000| Untracked 
|  58|0x0000000083a00000, 0x0000000083b00000, 0x0000000083b00000|100%| O|  |TAMS 0x0000000083b00000, 0x0000000083a00000| Untracked 
|  59|0x0000000083b00000, 0x0000000083c00000, 0x0000000083c00000|100%| O|  |TAMS 0x0000000083c00000, 0x0000000083b00000| Untracked 
|  60|0x0000000083c00000, 0x0000000083c46800, 0x0000000083d00000| 27%| O|  |TAMS 0x0000000083c46800, 0x0000000083c00000| Untracked 
|  61|0x0000000083d00000, 0x0000000083e00000, 0x0000000083e00000|100%|HS|  |TAMS 0x0000000083d00000, 0x0000000083d00000| Complete 
|  62|0x0000000083e00000, 0x0000000083e00000, 0x0000000083f00000|  0%| F|  |TAMS 0x0000000083e00000, 0x0000000083e00000| Untracked 
|  63|0x0000000083f00000, 0x0000000083f00000, 0x0000000084000000|  0%| F|  |TAMS 0x0000000083f00000, 0x0000000083f00000| Untracked 
|  64|0x0000000084000000, 0x0000000084000000, 0x0000000084100000|  0%| F|  |TAMS 0x0000000084000000, 0x0000000084000000| Untracked 
|  65|0x0000000084100000, 0x0000000084100000, 0x0000000084200000|  0%| F|  |TAMS 0x0000000084100000, 0x0000000084100000| Untracked 
|  66|0x0000000084200000, 0x0000000084200000, 0x0000000084300000|  0%| F|  |TAMS 0x0000000084200000, 0x0000000084200000| Untracked 
|  67|0x0000000084300000, 0x0000000084300000, 0x0000000084400000|  0%| F|  |TAMS 0x0000000084300000, 0x0000000084300000| Untracked 
|  68|0x0000000084400000, 0x0000000084400000, 0x0000000084500000|  0%| F|  |TAMS 0x0000000084400000, 0x0000000084400000| Untracked 
|  69|0x0000000084500000, 0x0000000084500000, 0x0000000084600000|  0%| F|  |TAMS 0x0000000084500000, 0x0000000084500000| Untracked 
|  70|0x0000000084600000, 0x0000000084600000, 0x0000000084700000|  0%| F|  |TAMS 0x0000000084600000, 0x0000000084600000| Untracked 
|  71|0x0000000084700000, 0x0000000084700000, 0x0000000084800000|  0%| F|  |TAMS 0x0000000084700000, 0x0000000084700000| Untracked 
|  72|0x0000000084800000, 0x0000000084800000, 0x0000000084900000|  0%| F|  |TAMS 0x0000000084800000, 0x0000000084800000| Untracked 
|  73|0x0000000084900000, 0x0000000084900000, 0x0000000084a00000|  0%| F|  |TAMS 0x0000000084900000, 0x0000000084900000| Untracked 
|  74|0x0000000084a00000, 0x0000000084a00000, 0x0000000084b00000|  0%| F|  |TAMS 0x0000000084a00000, 0x0000000084a00000| Untracked 
|  75|0x0000000084b00000, 0x0000000084b00000, 0x0000000084c00000|  0%| F|  |TAMS 0x0000000084b00000, 0x0000000084b00000| Untracked 
|  76|0x0000000084c00000, 0x0000000084c00000, 0x0000000084d00000|  0%| F|  |TAMS 0x0000000084c00000, 0x0000000084c00000| Untracked 
|  77|0x0000000084d00000, 0x0000000084d00000, 0x0000000084e00000|  0%| F|  |TAMS 0x0000000084d00000, 0x0000000084d00000| Untracked 
|  78|0x0000000084e00000, 0x0000000084e00000, 0x0000000084f00000|  0%| F|  |TAMS 0x0000000084e00000, 0x0000000084e00000| Untracked 
|  79|0x0000000084f00000, 0x0000000084f00000, 0x0000000085000000|  0%| F|  |TAMS 0x0000000084f00000, 0x0000000084f00000| Untracked 
|  80|0x0000000085000000, 0x0000000085000000, 0x0000000085100000|  0%| F|  |TAMS 0x0000000085000000, 0x0000000085000000| Untracked 
|  81|0x0000000085100000, 0x0000000085100000, 0x0000000085200000|  0%| F|  |TAMS 0x0000000085100000, 0x0000000085100000| Untracked 
|  82|0x0000000085200000, 0x0000000085200000, 0x0000000085300000|  0%| F|  |TAMS 0x0000000085200000, 0x0000000085200000| Untracked 
|  83|0x0000000085300000, 0x0000000085300000, 0x0000000085400000|  0%| F|  |TAMS 0x0000000085300000, 0x0000000085300000| Untracked 
|  84|0x0000000085400000, 0x0000000085400000, 0x0000000085500000|  0%| F|  |TAMS 0x0000000085400000, 0x0000000085400000| Untracked 
|  85|0x0000000085500000, 0x0000000085500000, 0x0000000085600000|  0%| F|  |TAMS 0x0000000085500000, 0x0000000085500000| Untracked 
|  86|0x0000000085600000, 0x0000000085600000, 0x0000000085700000|  0%| F|  |TAMS 0x0000000085600000, 0x0000000085600000| Untracked 
|  87|0x0000000085700000, 0x0000000085700000, 0x0000000085800000|  0%| F|  |TAMS 0x0000000085700000, 0x0000000085700000| Untracked 
|  88|0x0000000085800000, 0x0000000085800000, 0x0000000085900000|  0%| F|  |TAMS 0x0000000085800000, 0x0000000085800000| Untracked 
|  89|0x0000000085900000, 0x0000000085900000, 0x0000000085a00000|  0%| F|  |TAMS 0x0000000085900000, 0x0000000085900000| Untracked 
|  90|0x0000000085a00000, 0x0000000085a00000, 0x0000000085b00000|  0%| F|  |TAMS 0x0000000085a00000, 0x0000000085a00000| Untracked 
|  91|0x0000000085b00000, 0x0000000085b00000, 0x0000000085c00000|  0%| F|  |TAMS 0x0000000085b00000, 0x0000000085b00000| Untracked 
|  92|0x0000000085c00000, 0x0000000085c00000, 0x0000000085d00000|  0%| F|  |TAMS 0x0000000085c00000, 0x0000000085c00000| Untracked 
|  93|0x0000000085d00000, 0x0000000085d00000, 0x0000000085e00000|  0%| F|  |TAMS 0x0000000085d00000, 0x0000000085d00000| Untracked 
|  94|0x0000000085e00000, 0x0000000085e00000, 0x0000000085f00000|  0%| F|  |TAMS 0x0000000085e00000, 0x0000000085e00000| Untracked 
|  95|0x0000000085f00000, 0x0000000085f00000, 0x0000000086000000|  0%| F|  |TAMS 0x0000000085f00000, 0x0000000085f00000| Untracked 
|  96|0x0000000086000000, 0x0000000086100000, 0x0000000086100000|100%| E|  |TAMS 0x0000000086000000, 0x0000000086000000| Complete 
|  97|0x0000000086100000, 0x0000000086200000, 0x0000000086200000|100%| E|CS|TAMS 0x0000000086100000, 0x0000000086100000| Complete 
|  98|0x0000000086200000, 0x0000000086300000, 0x0000000086300000|100%| E|CS|TAMS 0x0000000086200000, 0x0000000086200000| Complete 
|  99|0x0000000086300000, 0x0000000086400000, 0x0000000086400000|100%| E|CS|TAMS 0x0000000086300000, 0x0000000086300000| Complete 
| 100|0x0000000086400000, 0x0000000086500000, 0x0000000086500000|100%| E|CS|TAMS 0x0000000086400000, 0x0000000086400000| Complete 
| 101|0x0000000086500000, 0x0000000086600000, 0x0000000086600000|100%| E|CS|TAMS 0x0000000086500000, 0x0000000086500000| Complete 
| 102|0x0000000086600000, 0x0000000086700000, 0x0000000086700000|100%| E|CS|TAMS 0x0000000086600000, 0x0000000086600000| Complete 
| 103|0x0000000086700000, 0x0000000086800000, 0x0000000086800000|100%| E|CS|TAMS 0x0000000086700000, 0x0000000086700000| Complete 
| 104|0x0000000086800000, 0x0000000086900000, 0x0000000086900000|100%| E|CS|TAMS 0x0000000086800000, 0x0000000086800000| Complete 
| 105|0x0000000086900000, 0x0000000086a00000, 0x0000000086a00000|100%| E|CS|TAMS 0x0000000086900000, 0x0000000086900000| Complete 
| 106|0x0000000086a00000, 0x0000000086b00000, 0x0000000086b00000|100%| E|CS|TAMS 0x0000000086a00000, 0x0000000086a00000| Complete 
| 107|0x0000000086b00000, 0x0000000086c00000, 0x0000000086c00000|100%| E|CS|TAMS 0x0000000086b00000, 0x0000000086b00000| Complete 
| 108|0x0000000086c00000, 0x0000000086d00000, 0x0000000086d00000|100%| E|CS|TAMS 0x0000000086c00000, 0x0000000086c00000| Complete 
| 109|0x0000000086d00000, 0x0000000086e00000, 0x0000000086e00000|100%| E|CS|TAMS 0x0000000086d00000, 0x0000000086d00000| Complete 
| 110|0x0000000086e00000, 0x0000000086f00000, 0x0000000086f00000|100%| E|CS|TAMS 0x0000000086e00000, 0x0000000086e00000| Complete 
| 111|0x0000000086f00000, 0x0000000087000000, 0x0000000087000000|100%| E|CS|TAMS 0x0000000086f00000, 0x0000000086f00000| Complete 
| 112|0x0000000087000000, 0x0000000087100000, 0x0000000087100000|100%| E|CS|TAMS 0x0000000087000000, 0x0000000087000000| Complete 
| 113|0x0000000087100000, 0x0000000087200000, 0x0000000087200000|100%| E|CS|TAMS 0x0000000087100000, 0x0000000087100000| Complete 
| 114|0x0000000087200000, 0x0000000087300000, 0x0000000087300000|100%| E|CS|TAMS 0x0000000087200000, 0x0000000087200000| Complete 
| 115|0x0000000087300000, 0x0000000087400000, 0x0000000087400000|100%| E|CS|TAMS 0x0000000087300000, 0x0000000087300000| Complete 
| 116|0x0000000087400000, 0x0000000087500000, 0x0000000087500000|100%| E|CS|TAMS 0x0000000087400000, 0x0000000087400000| Complete 
| 117|0x0000000087500000, 0x0000000087600000, 0x0000000087600000|100%| E|CS|TAMS 0x0000000087500000, 0x0000000087500000| Complete 
| 118|0x0000000087600000, 0x0000000087669db0, 0x0000000087700000| 41%| S|CS|TAMS 0x0000000087600000, 0x0000000087600000| Complete 
| 119|0x0000000087700000, 0x0000000087800000, 0x0000000087800000|100%| S|CS|TAMS 0x0000000087700000, 0x0000000087700000| Complete 
| 120|0x0000000087800000, 0x0000000087900000, 0x0000000087900000|100%| S|CS|TAMS 0x0000000087800000, 0x0000000087800000| Complete 
| 121|0x0000000087900000, 0x0000000087a00000, 0x0000000087a00000|100%| S|CS|TAMS 0x0000000087900000, 0x0000000087900000| Complete 
| 122|0x0000000087a00000, 0x0000000087b00000, 0x0000000087b00000|100%| E|CS|TAMS 0x0000000087a00000, 0x0000000087a00000| Complete 
| 123|0x0000000087b00000, 0x0000000087c00000, 0x0000000087c00000|100%| E|CS|TAMS 0x0000000087b00000, 0x0000000087b00000| Complete 
| 124|0x0000000087c00000, 0x0000000087d00000, 0x0000000087d00000|100%| E|CS|TAMS 0x0000000087c00000, 0x0000000087c00000| Complete 
| 125|0x0000000087d00000, 0x0000000087e00000, 0x0000000087e00000|100%| E|CS|TAMS 0x0000000087d00000, 0x0000000087d00000| Complete 
| 126|0x0000000087e00000, 0x0000000087f00000, 0x0000000087f00000|100%| E|CS|TAMS 0x0000000087e00000, 0x0000000087e00000| Complete 
| 127|0x0000000087f00000, 0x0000000088000000, 0x0000000088000000|100%| E|CS|TAMS 0x0000000087f00000, 0x0000000087f00000| Complete 

Card table byte_map: [0x000001df651e0000,0x000001df655e0000] _byte_map_base: 0x000001df64de0000

Marking Bits (Prev, Next): (CMBitMap*) 0x000001df4e74aae0, (CMBitMap*) 0x000001df4e74aaa8
 Prev Bits: [0x000001df679e0000, 0x000001df699e0000)
 Next Bits: [0x000001df659e0000, 0x000001df679e0000)

Polling page: 0x000001df4c660000

Metaspace:

Usage:
  Non-class:     69.25 MB capacity,    68.30 MB ( 99%) used,   782.23 KB (  1%) free+waste,   181.69 KB ( <1%) overhead. 
      Class:     10.73 MB capacity,    10.08 MB ( 94%) used,   577.05 KB (  5%) free+waste,    90.75 KB ( <1%) overhead. 
       Both:     79.98 MB capacity,    78.39 MB ( 98%) used,     1.33 MB (  2%) free+waste,   272.44 KB ( <1%) overhead. 

Virtual space:
  Non-class space:       70.00 MB reserved,      69.49 MB (>99%) committed 
      Class space:      504.00 MB reserved,      10.75 MB (  2%) committed 
             Both:      574.00 MB reserved,      80.24 MB ( 14%) committed 

Chunk freelists:
   Non-Class:  7.50 KB
       Class:  2.00 KB
        Both:  9.50 KB

CodeHeap 'non-profiled nmethods': size=120064Kb used=3346Kb max_used=3346Kb free=116718Kb
 bounds [0x000001df5d8a0000, 0x000001df5dbf0000, 0x000001df64de0000]
CodeHeap 'profiled nmethods': size=120000Kb used=13301Kb max_used=13301Kb free=106699Kb
 bounds [0x000001df56370000, 0x000001df57070000, 0x000001df5d8a0000]
CodeHeap 'non-nmethods': size=5696Kb used=2286Kb max_used=2317Kb free=3409Kb
 bounds [0x000001df55de0000, 0x000001df56050000, 0x000001df56370000]
 total_blobs=6786 nmethods=5894 adapters=803
 compilation: enabled
              stopped_count=0, restarted_count=0
 full_count=0

Compilation events (10 events):
Event: 101.698 Thread 0x000001df6bf0d800 5968       1       org.jetbrains.kotlin.types.SimpleTypeImpl::getConstructor (5 bytes)
Event: 101.698 Thread 0x000001df6bf0d800 nmethod 5968 0x000001df5dbdc890 code [0x000001df5dbdca20, 0x000001df5dbdcad8]
Event: 101.698 Thread 0x000001df6bf0d800 5969       2       kotlin.jvm.internal.ArrayIterator::hasNext (18 bytes)
Event: 101.699 Thread 0x000001df6bf0d800 nmethod 5969 0x000001df5706b310 code [0x000001df5706b4a0, 0x000001df5706b5b8]
Event: 101.724 Thread 0x000001df6bf0d800 5970       2       java.util.concurrent.ConcurrentHashMap$BaseIterator::<init> (21 bytes)
Event: 101.724 Thread 0x000001df6bf0d800 nmethod 5970 0x000001df5706b690 code [0x000001df5706b840, 0x000001df5706b9d8]
Event: 101.742 Thread 0x000001df6c810800 nmethod 5885 0x000001df5dbdcb90 code [0x000001df5dbdd060, 0x000001df5dbe2360]
Event: 101.743 Thread 0x000001df6c810800 5887   !   4       org.jetbrains.kotlin.metadata.ProtoBuf$Function::<init> (1410 bytes)
Event: 101.767 Thread 0x000001df6bf0d800 5971       2       org.jetbrains.kotlin.descriptors.annotations.AnnotatedImpl::<init> (18 bytes)
Event: 101.768 Thread 0x000001df6bf0d800 nmethod 5971 0x000001df5706ba90 code [0x000001df5706bc40, 0x000001df5706bdc8]

GC Heap History (10 events):
Event: 90.277 GC heap before
{Heap before GC invocations=17 (full 0):
 garbage-first heap   total 131072K, used 93678K [0x0000000080000000, 0x0000000100000000)
  region size 1024K, 44 young (45056K), 6 survivors (6144K)
 Metaspace       used 67688K, capacity 69073K, committed 69240K, reserved 577536K
  class space    used 8932K, capacity 9552K, committed 9600K, reserved 516096K
}
Event: 90.293 GC heap after
{Heap after GC invocations=18 (full 0):
 garbage-first heap   total 131072K, used 59243K [0x0000000080000000, 0x0000000100000000)
  region size 1024K, 4 young (4096K), 4 survivors (4096K)
 Metaspace       used 67688K, capacity 69073K, committed 69240K, reserved 577536K
  class space    used 8932K, capacity 9552K, committed 9600K, reserved 516096K
}
Event: 91.842 GC heap before
{Heap before GC invocations=19 (full 0):
 garbage-first heap   total 131072K, used 102251K [0x0000000080000000, 0x0000000100000000)
  region size 1024K, 46 young (47104K), 4 survivors (4096K)
 Metaspace       used 71682K, capacity 73153K, committed 73464K, reserved 581632K
  class space    used 9283K, capacity 9908K, committed 9984K, reserved 516096K
}
Event: 91.855 GC heap after
{Heap after GC invocations=20 (full 0):
 garbage-first heap   total 131072K, used 61962K [0x0000000080000000, 0x0000000100000000)
  region size 1024K, 3 young (3072K), 3 survivors (3072K)
 Metaspace       used 71682K, capacity 73153K, committed 73464K, reserved 581632K
  class space    used 9283K, capacity 9908K, committed 9984K, reserved 516096K
}
Event: 93.291 GC heap before
{Heap before GC invocations=21 (full 0):
 garbage-first heap   total 131072K, used 103946K [0x0000000080000000, 0x0000000100000000)
  region size 1024K, 44 young (45056K), 3 survivors (3072K)
 Metaspace       used 75114K, capacity 76614K, committed 76920K, reserved 583680K
  class space    used 9680K, capacity 10315K, committed 10368K, reserved 516096K
}
Event: 93.299 GC heap after
{Heap after GC invocations=22 (full 0):
 garbage-first heap   total 131072K, used 63239K [0x0000000080000000, 0x0000000100000000)
  region size 1024K, 4 young (4096K), 4 survivors (4096K)
 Metaspace       used 75114K, capacity 76614K, committed 76920K, reserved 583680K
  class space    used 9680K, capacity 10315K, committed 10368K, reserved 516096K
}
Event: 100.543 GC heap before
{Heap before GC invocations=22 (full 0):
 garbage-first heap   total 131072K, used 106247K [0x0000000080000000, 0x0000000100000000)
  region size 1024K, 46 young (47104K), 4 survivors (4096K)
 Metaspace       used 79259K, capacity 80906K, committed 81144K, reserved 587776K
  class space    used 10219K, capacity 10895K, committed 11008K, reserved 516096K
}
Event: 100.558 GC heap after
{Heap after GC invocations=23 (full 0):
 garbage-first heap   total 131072K, used 64790K [0x0000000080000000, 0x0000000100000000)
  region size 1024K, 3 young (3072K), 3 survivors (3072K)
 Metaspace       used 79259K, capacity 80906K, committed 81144K, reserved 587776K
  class space    used 10219K, capacity 10895K, committed 11008K, reserved 516096K
}
Event: 101.032 GC heap before
{Heap before GC invocations=24 (full 0):
 garbage-first heap   total 131072K, used 69910K [0x0000000080000000, 0x0000000100000000)
  region size 1024K, 9 young (9216K), 3 survivors (3072K)
 Metaspace       used 79712K, capacity 81354K, committed 81656K, reserved 587776K
  class space    used 10269K, capacity 10959K, committed 11008K, reserved 516096K
}
Event: 101.043 GC heap after
{Heap after GC invocations=25 (full 0):
 garbage-first heap   total 131072K, used 65217K [0x0000000080000000, 0x0000000100000000)
  region size 1024K, 4 young (4096K), 4 survivors (4096K)
 Metaspace       used 79712K, capacity 81354K, committed 81656K, reserved 587776K
  class space    used 10269K, capacity 10959K, committed 11008K, reserved 516096K
}

Deoptimization events (10 events):
Event: 92.767 Thread 0x000001df6d8cc800 Uncommon trap: reason=class_check action=make_not_entrant pc=0x000001df5db9f35c method=java.util.ArrayList.toArray([Ljava/lang/Object;)[Ljava/lang/Object; @ 21 c2
Event: 92.961 Thread 0x000001df6d8cc800 Uncommon trap: reason=unstable_if action=reinterpret pc=0x000001df5db60afc method=org.jetbrains.org.objectweb.asm.ClassReader.readUtf(II[C)Ljava/lang/String; @ 41 c2
Event: 92.984 Thread 0x000001df6d8cc800 Uncommon trap: reason=bimorphic_or_optimized_type_check action=maybe_recompile pc=0x000001df5db80fa0 method=org.jetbrains.kotlin.protobuf.CodedInputStream.tryRefillBuffer(I)Z @ 177 c2
Event: 92.992 Thread 0x000001df6d8cc800 Uncommon trap: reason=bimorphic_or_optimized_type_check action=maybe_recompile pc=0x000001df5db80fa0 method=org.jetbrains.kotlin.protobuf.CodedInputStream.tryRefillBuffer(I)Z @ 177 c2
Event: 92.995 Thread 0x000001df6d8cc800 Uncommon trap: reason=bimorphic_or_optimized_type_check action=maybe_recompile pc=0x000001df5db80fa0 method=org.jetbrains.kotlin.protobuf.CodedInputStream.tryRefillBuffer(I)Z @ 177 c2
Event: 93.004 Thread 0x000001df6d8cc800 Uncommon trap: reason=bimorphic_or_optimized_type_check action=maybe_recompile pc=0x000001df5db80fa0 method=org.jetbrains.kotlin.protobuf.CodedInputStream.tryRefillBuffer(I)Z @ 177 c2
Event: 93.019 Thread 0x000001df6d8cc800 Uncommon trap: reason=bimorphic_or_optimized_type_check action=maybe_recompile pc=0x000001df5db824ac method=org.jetbrains.kotlin.protobuf.CodedInputStream.tryRefillBuffer(I)Z @ 177 c2
Event: 93.540 Thread 0x000001df6d8cc800 Uncommon trap: reason=unstable_if action=reinterpret pc=0x000001df5dbc35cc method=org.jetbrains.kotlin.protobuf.CodedOutputStream.computeRawVarint32Size(I)I @ 14 c2
Event: 97.429 Thread 0x000001df6d8cc800 Uncommon trap: reason=unstable_if action=reinterpret pc=0x000001df5db63a08 method=java.util.zip.ZipFile$Source.getEntryPos([BZ)I @ 68 c2
Event: 100.323 Thread 0x000001df6d8cc800 Uncommon trap: reason=unstable_if action=reinterpret pc=0x000001df5dbc64e0 method=java.text.StringCharacterIterator.current()C @ 19 c2

Classes redefined (0 events):
No events

Internal exceptions (10 events):
Event: 84.372 Thread 0x000001df6d8cc800 Exception <a 'java/lang/NoSuchMethodError'{0x0000000085e4f318}: java.lang.invoke.DirectMethodHandle$Holder.invokeStaticInit(Ljava/lang/Object;)J> (0x0000000085e4f318) thrown at [./open/src/hotspot/share/interpreter/linkResolver.cpp, line 772]
Event: 84.924 Thread 0x000001df6d8cc800 Implicit null exception at 0x000001df5da1aa0c to 0x000001df5da1abba
Event: 85.239 Thread 0x000001df6d8cc800 Exception <a 'java/lang/NoSuchMethodError'{0x0000000084607ba0}: java.lang.invoke.DirectMethodHandle$Holder.invokeSpecial(Ljava/lang/Object;Ljava/lang/Object;IILjava/lang/Object;Ljava/lang/Object;Ljava/lang/Object;)Ljava/lang/Object;> (0x0000000084607ba0) 
Event: 85.239 Thread 0x000001df6d8cc800 Exception <a 'java/lang/NoSuchMethodError'{0x000000008460cbb8}: java.lang.invoke.DelegatingMethodHandle$Holder.reinvoke_L(Ljava/lang/Object;IILjava/lang/Object;Ljava/lang/Object;Ljava/lang/Object;)Ljava/lang/Object;> (0x000000008460cbb8) thrown at [./open
Event: 86.095 Thread 0x000001df6d8cc800 Exception <a 'java/lang/NoSuchMethodError'{0x0000000086c8cd90}: java.lang.invoke.DirectMethodHandle$Holder.invokeVirtual(Ljava/lang/Object;Ljava/lang/Object;)V> (0x0000000086c8cd90) thrown at [./open/src/hotspot/share/interpreter/linkResolver.cpp, line 77
Event: 87.806 Thread 0x000001df6d8cc800 Implicit null exception at 0x000001df5db4d84f to 0x000001df5db4f478
Event: 87.821 Thread 0x000001df6d8cc800 Implicit null exception at 0x000001df5db46c63 to 0x000001df5db482e0
Event: 94.652 Thread 0x000001df6d8cc800 Exception <a 'java/lang/NoSuchMethodError'{0x0000000087039060}: java.lang.invoke.Invokers$Holder.linkToTargetMethod(Ljava/lang/Object;ILjava/lang/Object;)Ljava/lang/Object;> (0x0000000087039060) thrown at [./open/src/hotspot/share/interpreter/linkResolver
Event: 99.664 Thread 0x000001df6d8cc800 Exception <a 'java/lang/NoSuchMethodError'{0x000000008601d138}: java.lang.invoke.DirectMethodHandle$Holder.invokeSpecial(Ljava/lang/Object;Ljava/lang/Object;Ljava/lang/Object;Ljava/lang/Object;Ljava/lang/Object;I)Ljava/lang/Object;> (0x000000008601d138) t
Event: 99.665 Thread 0x000001df6d8cc800 Exception <a 'java/lang/NoSuchMethodError'{0x00000000860224b8}: java.lang.invoke.Invokers$Holder.linkToTargetMethod(Ljava/lang/Object;Ljava/lang/Object;Ljava/lang/Object;ILjava/lang/Object;)Ljava/lang/Object;> (0x00000000860224b8) thrown at [./open/src/ho

Events (10 events):
Event: 101.830 loading class org/jetbrains/kotlin/util/Checks$3
Event: 101.830 loading class org/jetbrains/kotlin/util/Checks$3 done
Event: 101.833 loading class org/jetbrains/kotlin/util/CheckResult$IllegalFunctionName
Event: 101.833 loading class org/jetbrains/kotlin/util/CheckResult$IllegalFunctionName done
Event: 101.838 loading class org/jetbrains/kotlin/util/CheckResult
Event: 101.838 loading class org/jetbrains/kotlin/util/CheckResult done
Event: 101.841 loading class org/jetbrains/kotlin/com/google/common/collect/Lists
Event: 101.841 loading class org/jetbrains/kotlin/com/google/common/collect/Lists done
Event: 101.844 loading class org/jetbrains/kotlin/com/google/common/collect/Lists$TransformingRandomAccessList
Event: 101.844 loading class org/jetbrains/kotlin/com/google/common/collect/Lists$TransformingRandomAccessList done


Dynamic libraries:
0x00007ff6c5ac0000 - 0x00007ff6c5acf000 	C:\Program Files\Java\jdk-11.0.17\bin\java.exe
0x00007ffaafa10000 - 0x00007ffaafc07000 	C:\Windows\SYSTEM32\ntdll.dll
0x00007ffaaf500000 - 0x00007ffaaf5bd000 	C:\Windows\System32\KERNEL32.DLL
0x00007ffaad4d0000 - 0x00007ffaad7c6000 	C:\Windows\System32\KERNELBASE.dll
0x00007ffaad2b0000 - 0x00007ffaad3b0000 	C:\Windows\System32\ucrtbase.dll
0x00007ffa972e0000 - 0x00007ffa972f8000 	C:\Program Files\Java\jdk-11.0.17\bin\jli.dll
0x00007ffaaf2c0000 - 0x00007ffaaf36e000 	C:\Windows\System32\ADVAPI32.dll
0x00007ffaaee60000 - 0x00007ffaaeefe000 	C:\Windows\System32\msvcrt.dll
0x00007ffaaf370000 - 0x00007ffaaf40c000 	C:\Windows\System32\sechost.dll
0x00007ffaae3f0000 - 0x00007ffaae516000 	C:\Windows\System32\RPCRT4.dll
0x00007ffaae250000 - 0x00007ffaae3ee000 	C:\Windows\System32\USER32.dll
0x00007ffaad160000 - 0x00007ffaad182000 	C:\Windows\System32\win32u.dll
0x00007ffaaee30000 - 0x00007ffaaee5c000 	C:\Windows\System32\GDI32.dll
0x00007ffaad190000 - 0x00007ffaad2aa000 	C:\Windows\System32\gdi32full.dll
0x00007ffaad3b0000 - 0x00007ffaad44d000 	C:\Windows\System32\msvcp_win.dll
0x00007ffa9aaf0000 - 0x00007ffa9ad8a000 	C:\Windows\WinSxS\amd64_microsoft.windows.common-controls_6595b64144ccf1df_6.0.19041.3570_none_60bb2a3971f3e41a\COMCTL32.dll
0x00007ffa96d70000 - 0x00007ffa96d85000 	C:\Program Files\Java\jdk-11.0.17\bin\VCRUNTIME140.dll
0x00007ffa9d190000 - 0x00007ffa9d19a000 	C:\Windows\SYSTEM32\VERSION.dll
0x00007ffaae520000 - 0x00007ffaae550000 	C:\Windows\System32\IMM32.DLL
0x00007ffa7f780000 - 0x00007ffa7f81b000 	C:\Program Files\Java\jdk-11.0.17\bin\msvcp140.dll
0x00007ffa42f80000 - 0x00007ffa43a9a000 	C:\Program Files\Java\jdk-11.0.17\bin\server\jvm.dll
0x00007ffaaf410000 - 0x00007ffaaf418000 	C:\Windows\System32\PSAPI.DLL
0x00007ffaa9fa0000 - 0x00007ffaa9fa9000 	C:\Windows\SYSTEM32\WSOCK32.dll
0x00007ffaaed00000 - 0x00007ffaaed6b000 	C:\Windows\System32\WS2_32.dll
0x00007ffa95af0000 - 0x00007ffa95b17000 	C:\Windows\SYSTEM32\WINMM.dll
0x00007ffaaaf90000 - 0x00007ffaaafa2000 	C:\Windows\SYSTEM32\kernel.appcore.dll
0x00007ffa98260000 - 0x00007ffa98270000 	C:\Program Files\Java\jdk-11.0.17\bin\verify.dll
0x00007ffa9b690000 - 0x00007ffa9b874000 	C:\Windows\SYSTEM32\DBGHELP.DLL
0x00007ffa9b650000 - 0x00007ffa9b684000 	C:\Windows\SYSTEM32\dbgcore.DLL
0x00007ffaad7d0000 - 0x00007ffaad852000 	C:\Windows\System32\bcryptPrimitives.dll
0x00007ffa90a80000 - 0x00007ffa90aa8000 	C:\Program Files\Java\jdk-11.0.17\bin\java.dll
0x00007ffa98140000 - 0x00007ffa9814a000 	C:\Program Files\Java\jdk-11.0.17\bin\jimage.dll
0x00007ffa92c20000 - 0x00007ffa92c36000 	C:\Program Files\Java\jdk-11.0.17\bin\zip.dll
0x00007ffaae550000 - 0x00007ffaaec94000 	C:\Windows\System32\SHELL32.dll
0x00007ffaab190000 - 0x00007ffaab92b000 	C:\Windows\SYSTEM32\windows.storage.dll
0x00007ffaaef60000 - 0x00007ffaaf2b4000 	C:\Windows\System32\combase.dll
0x00007ffaacb30000 - 0x00007ffaacb5d000 	C:\Windows\SYSTEM32\Wldp.dll
0x00007ffaaf6d0000 - 0x00007ffaaf77d000 	C:\Windows\System32\SHCORE.dll
0x00007ffaaef00000 - 0x00007ffaaef55000 	C:\Windows\System32\shlwapi.dll
0x00007ffaad020000 - 0x00007ffaad045000 	C:\Windows\SYSTEM32\profapi.dll
0x00007ffa92be0000 - 0x00007ffa92bf9000 	C:\Program Files\Java\jdk-11.0.17\bin\net.dll
0x00007ffaa4b40000 - 0x00007ffaa4c4a000 	C:\Windows\SYSTEM32\WINHTTP.dll
0x00007ffaac890000 - 0x00007ffaac8fa000 	C:\Windows\system32\mswsock.dll
0x00007ffa90b50000 - 0x00007ffa90b62000 	C:\Program Files\Java\jdk-11.0.17\bin\nio.dll
0x00007ffaa7fc0000 - 0x00007ffaa7fe7000 	C:\Users\USER\.gradle\native\68d5fa5c4cc2d200863cafc0d521ce42e7d3e7ee720ec0a83991735586a16f82\windows-amd64\native-platform.dll
0x00007ffa83360000 - 0x00007ffa834a4000 	C:\Users\USER\.gradle\native\e376f236ea51e6404a007f0833ffe2c6e607c4080706a723a18a27aeea778392\windows-amd64\native-platform-file-events.dll
0x00007ffa970a0000 - 0x00007ffa970a9000 	C:\Program Files\Java\jdk-11.0.17\bin\management.dll
0x00007ffa97060000 - 0x00007ffa9706b000 	C:\Program Files\Java\jdk-11.0.17\bin\management_ext.dll
0x00007ffaaca90000 - 0x00007ffaacaa8000 	C:\Windows\SYSTEM32\CRYPTSP.dll
0x00007ffaac130000 - 0x00007ffaac164000 	C:\Windows\system32\rsaenh.dll
0x00007ffaad450000 - 0x00007ffaad477000 	C:\Windows\System32\bcrypt.dll
0x00007ffaacfe0000 - 0x00007ffaad00e000 	C:\Windows\SYSTEM32\USERENV.dll
0x00007ffaaca80000 - 0x00007ffaaca8c000 	C:\Windows\SYSTEM32\CRYPTBASE.dll
0x00007ffaac530000 - 0x00007ffaac56b000 	C:\Windows\SYSTEM32\IPHLPAPI.DLL
0x00007ffaaf5e0000 - 0x00007ffaaf5e8000 	C:\Windows\System32\NSI.dll
0x00007ffaa5420000 - 0x00007ffaa5437000 	C:\Windows\SYSTEM32\dhcpcsvc6.DLL
0x00007ffaa5570000 - 0x00007ffaa558d000 	C:\Windows\SYSTEM32\dhcpcsvc.DLL
0x00007ffaac580000 - 0x00007ffaac64a000 	C:\Windows\SYSTEM32\DNSAPI.dll

dbghelp: loaded successfully - version: 4.0.5 - missing functions: none
symbol engine: initialized successfully - sym options: 0x614 - pdb path: .;C:\Program Files\Java\jdk-11.0.17\bin;C:\Windows\SYSTEM32;C:\Windows\WinSxS\amd64_microsoft.windows.common-controls_6595b64144ccf1df_6.0.19041.3570_none_60bb2a3971f3e41a;C:\Program Files\Java\jdk-11.0.17\bin\server;C:\Users\USER\.gradle\native\68d5fa5c4cc2d200863cafc0d521ce42e7d3e7ee720ec0a83991735586a16f82\windows-amd64;C:\Users\USER\.gradle\native\e376f236ea51e6404a007f0833ffe2c6e607c4080706a723a18a27aeea778392\windows-amd64

VM Arguments:
jvm_args: -XX:MaxMetaspaceSize=512m --add-opens=java.base/java.util=ALL-UNNAMED --add-opens=java.base/java.lang=ALL-UNNAMED --add-opens=java.base/java.lang.invoke=ALL-UNNAMED --add-opens=java.prefs/java.util.prefs=ALL-UNNAMED --add-opens=java.base/java.nio.charset=ALL-UNNAMED --add-opens=java.base/java.net=ALL-UNNAMED --add-opens=java.base/java.util.concurrent.atomic=ALL-UNNAMED -Xmx2048m -Dfile.encoding=windows-1252 -Duser.country=US -Duser.language=en -Duser.variant 
java_command: org.gradle.launcher.daemon.bootstrap.GradleDaemon 8.0.1
java_class_path (initial): C:\Users\USER\.gradle\wrapper\dists\gradle-8.0.1-all\aro4hu1c3oeioove7l0i4i14o\gradle-8.0.1\lib\gradle-launcher-8.0.1.jar
Launcher Type: SUN_STANDARD

[Global flags]
     intx CICompilerCount                          = 3                                         {product} {ergonomic}
   size_t CompressedClassSpaceSize                 = 528482304                                 {product} {ergonomic}
     uint ConcGCThreads                            = 1                                         {product} {ergonomic}
     uint G1ConcRefinementThreads                  = 4                                         {product} {ergonomic}
   size_t G1HeapRegionSize                         = 1048576                                   {product} {ergonomic}
    uintx GCDrainStackTargetSize                   = 64                                        {product} {ergonomic}
   size_t InitialHeapSize                          = 134217728                                 {product} {ergonomic}
   size_t MarkStackSize                            = 4194304                                   {product} {ergonomic}
   size_t MaxHeapSize                              = 2147483648                                {product} {command line}
   size_t MaxMetaspaceSize                         = 536870912                                 {product} {command line}
   size_t MaxNewSize                               = 1287651328                                {product} {ergonomic}
   size_t MinHeapDeltaBytes                        = 1048576                                   {product} {ergonomic}
    uintx NonNMethodCodeHeapSize                   = 5830732                                {pd product} {ergonomic}
    uintx NonProfiledCodeHeapSize                  = 122913754                              {pd product} {ergonomic}
    uintx ProfiledCodeHeapSize                     = 122913754                              {pd product} {ergonomic}
    uintx ReservedCodeCacheSize                    = 251658240                              {pd product} {ergonomic}
     bool SegmentedCodeCache                       = true                                      {product} {ergonomic}
     bool UseCompressedClassPointers               = true                                 {lp64_product} {ergonomic}
     bool UseCompressedOops                        = true                                 {lp64_product} {ergonomic}
     bool UseG1GC                                  = true                                      {product} {ergonomic}
     bool UseLargePagesIndividualAllocation        = false                                  {pd product} {ergonomic}

Logging:
Log output configuration:
 #0: stdout all=warning uptime,level,tags
 #1: stderr all=off uptime,level,tags

Environment Variables:
JAVA_HOME=C:\Program Files\Java\jdk-11.0.17
CLASSPATH=C:\Users\USER\ReactNativeProject\android\\gradle\wrapper\gradle-wrapper.jar
PATH=C:\Users\USER\ReactNativeProject\node_modules\.bin;C:\Users\USER\ReactNativeProject\node_modules\.bin;C:\Users\USER\node_modules\.bin;C:\Users\node_modules\.bin;C:\node_modules\.bin;C:\Program Files\nodejs\node_modules\npm\node_modules\@npmcli\run-script\lib\node-gyp-bin;C:\Users\USER\ReactNativeProject\node_modules\.bin;C:\Users\USER\node_modules\.bin;C:\Users\node_modules\.bin;C:\node_modules\.bin;C:\Program Files\nodejs\node_modules\npm\node_modules\@npmcli\run-script\lib\node-gyp-bin;C:\Program Files\Eclipse Adoptium\jdk-11.0.20.101-hotspot\bin;C:\Program Files\Common Files\Oracle\Java\javapath;C:\Program Files (x86)\Common Files\Intel\Shared Files\cpp\bin\Intel64;C:\Windows\system32;C:\Windows;C:\Windows\System32\Wbem;C:\Windows\System32\WindowsPowerShell\v1.0\;C:\Windows\System32\OpenSSH\;C:\ProgramData\chocolatey\bin;C:\Program Files\Git\cmd;C:\Program Files\nodejs\;C:\Program Files\dotnet\;C:\Users\USER\AppData\Local\Microsoft\WindowsApps;;C:\Users\USER\AppData\Local\Programs\Microsoft VS Code\bin;C:\Users\USER\AppData\Roaming\npm
USERNAME=USER
OS=Windows_NT
PROCESSOR_IDENTIFIER=Intel64 Family 6 Model 69 Stepping 1, GenuineIntel



---------------  S Y S T E M  ---------------

OS: Windows 10 , 64 bit Build 19041 (10.0.19041.3570)

CPU:total 4 (initial active 4) (2 cores per cpu, 2 threads per core) family 6 model 69 stepping 1 microcode 0x25, cmov, cx8, fxsr, mmx, sse, sse2, sse3, ssse3, sse4.1, sse4.2, popcnt, avx, avx2, aes, clmul, erms, lzcnt, ht, tsc, tscinvbit, bmi1, bmi2, fma

Memory: 4k page, system-wide physical 8071M (180M free)
TotalPageFile size 13866M (AvailPageFile size 4M)
current process WorkingSet (physical memory assigned to process): 320M, peak: 320M
current process commit charge ("private bytes"): 356M, peak: 356M

vm_info: Java HotSpot(TM) 64-Bit Server VM (11.0.17+10-LTS-269) for windows-amd64 JRE (11.0.17+10-LTS-269), built on Sep 13 2022 19:26:37 by "mach5one" with MS VC++ 15.9 (VS2017)

END.
