#
# There is insufficient memory for the Java Runtime Environment to continue.
# Native memory allocation (malloc) failed to allocate 1090416 bytes for Chunk::new
# Possible reasons:
#   The system is out of physical RAM or swap space
#   The process is running with CompressedOops enabled, and the Java Heap may be blocking the growth of the native heap
# Possible solutions:
#   Reduce memory load on the system
#   Increase physical memory or swap space
#   Check if swap backing store is full
#   Decrease Java heap size (-Xmx/-Xms)
#   Decrease number of Java threads
#   Decrease Java thread stack sizes (-Xss)
#   Set larger code cache with -XX:ReservedCodeCacheSize=
#   JVM is running with Unscaled Compressed Oops mode in which the Java heap is
#     placed in the first 4GB address space. The Java Heap base address is the
#     maximum limit for the native heap growth. Please use -XX:HeapBaseMinAddress
#     to set the Java Heap base and to place the Java Heap above 4GB virtual address.
# This output file may be truncated or incomplete.
#
#  Out of Memory Error (./open/src/hotspot/share/memory/arena.cpp:197), pid=9196, tid=7676
#
# JRE version: Java(TM) SE Runtime Environment 18.9 (11.0.17+10) (build 11.0.17+10-LTS-269)
# Java VM: Java HotSpot(TM) 64-Bit Server VM 18.9 (11.0.17+10-LTS-269, mixed mode, tiered, compressed oops, g1 gc, windows-amd64)
# No core dump will be written. Minidumps are not enabled by default on client versions of Windows
#

---------------  S U M M A R Y ------------

Command Line: -XX:MaxMetaspaceSize=512m --add-opens=java.base/java.util=ALL-UNNAMED --add-opens=java.base/java.lang=ALL-UNNAMED --add-opens=java.base/java.lang.invoke=ALL-UNNAMED --add-opens=java.prefs/java.util.prefs=ALL-UNNAMED --add-opens=java.base/java.nio.charset=ALL-UNNAMED --add-opens=java.base/java.net=ALL-UNNAMED --add-opens=java.base/java.util.concurrent.atomic=ALL-UNNAMED -Xmx2048m -Dfile.encoding=windows-1252 -Duser.country=US -Duser.language=en -Duser.variant org.gradle.launcher.daemon.bootstrap.GradleDaemon 8.0.1

Host: Intel(R) Core(TM) i5-4200U CPU @ 1.60GHz, 4 cores, 7G,  Windows 10 , 64 bit Build 19041 (10.0.19041.3570)
Time: Sun Oct 29 14:01:56 2023 SE Asia Standard Time elapsed time: 68.643402 seconds (0d 0h 1m 8s)

---------------  T H R E A D  ---------------

Current thread (0x000001e8aface800):  JavaThread "C2 CompilerThread0" daemon [_thread_in_native, id=7676, stack(0x000000de39f00000,0x000000de3a000000)]


Current CompileTask:
C2:  68643 3008       4       java.lang.invoke.MethodType::makeImpl (108 bytes)

Stack: [0x000000de39f00000,0x000000de3a000000]
Native frames: (J=compiled Java code, j=interpreted, Vv=VM code, C=native code)
V  [jvm.dll+0x62b5da]
V  [jvm.dll+0x7653df]
V  [jvm.dll+0x766a89]
V  [jvm.dll+0x767113]
V  [jvm.dll+0x23dd28]
V  [jvm.dll+0xb2a1c]
V  [jvm.dll+0xb2fdc]
V  [jvm.dll+0x341597]
V  [jvm.dll+0x18ce51]
V  [jvm.dll+0x1f8815]
V  [jvm.dll+0x1f78fd]
V  [jvm.dll+0x177c91]
V  [jvm.dll+0x207296]
V  [jvm.dll+0x20542b]
V  [jvm.dll+0x72b2c0]
V  [jvm.dll+0x723e64]
V  [jvm.dll+0x62a485]
C  [ucrtbase.dll+0x21bb2]
C  [KERNEL32.DLL+0x17344]
C  [ntdll.dll+0x526b1]


---------------  P R O C E S S  ---------------

Threads class SMR info:
_java_thread_list=0x000001e8b0ebb010, length=31, elements={
0x000001e8922dc000, 0x000001e8afa69000, 0x000001e8afa6b000, 0x000001e8afa84000,
0x000001e8afaca800, 0x000001e8afacb000, 0x000001e8aface800, 0x000001e8b0430800,
0x000001e8b0449000, 0x000001e8b0536000, 0x000001e8b1cb3800, 0x000001e8b2509000,
0x000001e8b150b800, 0x000001e8b1669000, 0x000001e8b12d7000, 0x000001e8b12d8000,
0x000001e8b0cf8000, 0x000001e8b06fe000, 0x000001e8b07bd000, 0x000001e8b0ce4000,
0x000001e8b0ce5800, 0x000001e8b0ce6800, 0x000001e8b0ce7800, 0x000001e8b0ce1800,
0x000001e8b0ce5000, 0x000001e8b0ce8000, 0x000001e8b0ce2800, 0x000001e8b0ce3800,
0x000001e8b1ea8000, 0x000001e8b1ea9800, 0x000001e8b1eaa000
}

Java Threads: ( => current thread )
  0x000001e8922dc000 JavaThread "main" [_thread_blocked, id=5876, stack(0x000000de39300000,0x000000de39400000)]
  0x000001e8afa69000 JavaThread "Reference Handler" daemon [_thread_blocked, id=6388, stack(0x000000de39a00000,0x000000de39b00000)]
  0x000001e8afa6b000 JavaThread "Finalizer" daemon [_thread_blocked, id=9908, stack(0x000000de39b00000,0x000000de39c00000)]
  0x000001e8afa84000 JavaThread "Signal Dispatcher" daemon [_thread_blocked, id=10600, stack(0x000000de39c00000,0x000000de39d00000)]
  0x000001e8afaca800 JavaThread "Attach Listener" daemon [_thread_blocked, id=3068, stack(0x000000de39d00000,0x000000de39e00000)]
  0x000001e8afacb000 JavaThread "Service Thread" daemon [_thread_blocked, id=10784, stack(0x000000de39e00000,0x000000de39f00000)]
=>0x000001e8aface800 JavaThread "C2 CompilerThread0" daemon [_thread_in_native, id=7676, stack(0x000000de39f00000,0x000000de3a000000)]
  0x000001e8b0430800 JavaThread "C1 CompilerThread0" daemon [_thread_blocked, id=9752, stack(0x000000de3a000000,0x000000de3a100000)]
  0x000001e8b0449000 JavaThread "Sweeper thread" daemon [_thread_blocked, id=4652, stack(0x000000de3a100000,0x000000de3a200000)]
  0x000001e8b0536000 JavaThread "Common-Cleaner" daemon [_thread_blocked, id=11932, stack(0x000000de3a200000,0x000000de3a300000)]
  0x000001e8b1cb3800 JavaThread "Daemon health stats" [_thread_blocked, id=6372, stack(0x000000de3a800000,0x000000de3a900000)]
  0x000001e8b2509000 JavaThread "Incoming local TCP Connector on port 56018" [_thread_in_native, id=9756, stack(0x000000de3a700000,0x000000de3a800000)]
  0x000001e8b150b800 JavaThread "Daemon periodic checks" [_thread_blocked, id=5260, stack(0x000000de3a900000,0x000000de3aa00000)]
  0x000001e8b1669000 JavaThread "Daemon" [_thread_blocked, id=12920, stack(0x000000de3aa00000,0x000000de3ab00000)]
  0x000001e8b12d7000 JavaThread "Handler for socket connection from /127.0.0.1:56018 to /127.0.0.1:56019" [_thread_in_native, id=9192, stack(0x000000de3ab00000,0x000000de3ac00000)]
  0x000001e8b12d8000 JavaThread "Cancel handler" [_thread_blocked, id=4464, stack(0x000000de3ac00000,0x000000de3ad00000)]
  0x000001e8b0cf8000 JavaThread "Daemon worker" [_thread_in_vm, id=12836, stack(0x000000de3ad00000,0x000000de3ae00000)]
  0x000001e8b06fe000 JavaThread "Asynchronous log dispatcher for DefaultDaemonConnection: socket connection from /127.0.0.1:56018 to /127.0.0.1:56019" [_thread_blocked, id=11844, stack(0x000000de3ae00000,0x000000de3af00000)]
  0x000001e8b07bd000 JavaThread "Stdin handler" [_thread_blocked, id=6260, stack(0x000000de3af00000,0x000000de3b000000)]
  0x000001e8b0ce4000 JavaThread "Daemon client event forwarder" [_thread_blocked, id=10948, stack(0x000000de3b000000,0x000000de3b100000)]
  0x000001e8b0ce5800 JavaThread "Cache worker for journal cache (C:\Users\USER\.gradle\caches\journal-1)" [_thread_blocked, id=1276, stack(0x000000de3b200000,0x000000de3b300000)]
  0x000001e8b0ce6800 JavaThread "File lock request listener" [_thread_in_native, id=4824, stack(0x000000de3b300000,0x000000de3b400000)]
  0x000001e8b0ce7800 JavaThread "Cache worker for file hash cache (C:\Users\USER\.gradle\caches\8.0.1\fileHashes)" [_thread_blocked, id=5224, stack(0x000000de3b400000,0x000000de3b500000)]
  0x000001e8b0ce1800 JavaThread "File watcher server" daemon [_thread_in_native, id=4052, stack(0x000000de3b500000,0x000000de3b600000)]
  0x000001e8b0ce5000 JavaThread "File watcher consumer" daemon [_thread_blocked, id=10404, stack(0x000000de3b600000,0x000000de3b700000)]
  0x000001e8b0ce8000 JavaThread "Cache worker for checksums cache (C:\Users\USER\ReactNativeProject\android\.gradle\8.0.1\checksums)" [_thread_blocked, id=6916, stack(0x000000de3b700000,0x000000de3b800000)]
  0x000001e8b0ce2800 JavaThread "Cache worker for cache directory md-rule (C:\Users\USER\.gradle\caches\8.0.1\md-rule)" [_thread_blocked, id=6104, stack(0x000000de3b800000,0x000000de3b900000)]
  0x000001e8b0ce3800 JavaThread "Cache worker for file content cache (C:\Users\USER\.gradle\caches\8.0.1\fileContent)" [_thread_blocked, id=12728, stack(0x000000de3b900000,0x000000de3ba00000)]
  0x000001e8b1ea8000 JavaThread "Cache worker for file hash cache (C:\Users\USER\ReactNativeProject\android\.gradle\8.0.1\fileHashes)" [_thread_blocked, id=11768, stack(0x000000de3ba00000,0x000000de3bb00000)]
  0x000001e8b1ea9800 JavaThread "Cache worker for cache directory md-supplier (C:\Users\USER\.gradle\caches\8.0.1\md-supplier)" [_thread_blocked, id=13304, stack(0x000000de3bb00000,0x000000de3bc00000)]
  0x000001e8b1eaa000 JavaThread "Cache worker for execution history cache (C:\Users\USER\.gradle\caches\8.0.1\executionHistory)" [_thread_blocked, id=7696, stack(0x000000de3bc00000,0x000000de3bd00000)]

Other Threads:
  0x000001e8afa63000 VMThread "VM Thread" [stack: 0x000000de39900000,0x000000de39a00000] [id=11612]
  0x000001e8b053f800 WatcherThread [stack: 0x000000de3a300000,0x000000de3a400000] [id=6204]
  0x000001e8922f2800 GCTaskThread "GC Thread#0" [stack: 0x000000de39400000,0x000000de39500000] [id=12720]
  0x000001e8b08c9800 GCTaskThread "GC Thread#1" [stack: 0x000000de3a400000,0x000000de3a500000] [id=3236]
  0x000001e8b08ca000 GCTaskThread "GC Thread#2" [stack: 0x000000de3a500000,0x000000de3a600000] [id=10388]
  0x000001e8b0fde800 GCTaskThread "GC Thread#3" [stack: 0x000000de3b100000,0x000000de3b200000] [id=11216]
  0x000001e892322000 ConcurrentGCThread "G1 Main Marker" [stack: 0x000000de39500000,0x000000de39600000] [id=3816]
  0x000001e892323800 ConcurrentGCThread "G1 Conc#0" [stack: 0x000000de39600000,0x000000de39700000] [id=11636]
  0x000001e8923b2800 ConcurrentGCThread "G1 Refine#0" [stack: 0x000000de39700000,0x000000de39800000] [id=9708]
  0x000001e8b0c7a000 ConcurrentGCThread "G1 Refine#1" [stack: 0x000000de3a600000,0x000000de3a700000] [id=9384]
  0x000001e8923b3800 ConcurrentGCThread "G1 Young RemSet Sampling" [stack: 0x000000de39800000,0x000000de39900000] [id=3564]

Threads with active compile tasks:
C2 CompilerThread0    68732 3008       4       java.lang.invoke.MethodType::makeImpl (108 bytes)

VM state:not at safepoint (normal execution)

VM Mutex/Monitor currently owned by a thread:  ([mutex/lock_event])
[0x000001e8922d72a0] AdapterHandlerLibrary_lock - owner thread: 0x000001e8b0cf8000

Heap address: 0x0000000080000000, size: 2048 MB, Compressed Oops mode: 32-bit
Narrow klass base: 0x0000000000000000, Narrow klass shift: 3
Compressed class space size: 528482304 Address: 0x0000000100000000

Heap:
 garbage-first heap   total 131072K, used 30072K [0x0000000080000000, 0x0000000100000000)
  region size 1024K, 14 young (14336K), 7 survivors (7168K)
 Metaspace       used 36401K, capacity 37314K, committed 37448K, reserved 548864K
  class space    used 4726K, capacity 5068K, committed 5120K, reserved 516096K
Heap Regions: E=young(eden), S=young(survivor), O=old, HS=humongous(starts), HC=humongous(continues), CS=collection set, F=free, A=archive, TAMS=top-at-mark-start (previous, next)
|   0|0x0000000080000000, 0x0000000080100000, 0x0000000080100000|100%| O|  |TAMS 0x0000000080100000, 0x0000000080000000| Untracked 
|   1|0x0000000080100000, 0x0000000080200000, 0x0000000080200000|100%| O|  |TAMS 0x0000000080200000, 0x0000000080100000| Untracked 
|   2|0x0000000080200000, 0x0000000080300000, 0x0000000080300000|100%| O|  |TAMS 0x0000000080300000, 0x0000000080200000| Untracked 
|   3|0x0000000080300000, 0x0000000080400000, 0x0000000080400000|100%|HS|  |TAMS 0x0000000080400000, 0x0000000080300000| Complete 
|   4|0x0000000080400000, 0x0000000080500000, 0x0000000080500000|100%|HC|  |TAMS 0x0000000080500000, 0x0000000080400000| Complete 
|   5|0x0000000080500000, 0x0000000080600000, 0x0000000080600000|100%|HC|  |TAMS 0x0000000080600000, 0x0000000080500000| Complete 
|   6|0x0000000080600000, 0x0000000080700000, 0x0000000080700000|100%|HC|  |TAMS 0x0000000080700000, 0x0000000080600000| Complete 
|   7|0x0000000080700000, 0x0000000080800000, 0x0000000080800000|100%| O|  |TAMS 0x0000000080800000, 0x0000000080700000| Untracked 
|   8|0x0000000080800000, 0x0000000080900000, 0x0000000080900000|100%| O|  |TAMS 0x0000000080900000, 0x0000000080800000| Untracked 
|   9|0x0000000080900000, 0x0000000080a00000, 0x0000000080a00000|100%| O|  |TAMS 0x0000000080a00000, 0x0000000080900000| Untracked 
|  10|0x0000000080a00000, 0x0000000080b00000, 0x0000000080b00000|100%| O|  |TAMS 0x0000000080b00000, 0x0000000080a00000| Untracked 
|  11|0x0000000080b00000, 0x0000000080c00000, 0x0000000080c00000|100%| O|  |TAMS 0x0000000080c00000, 0x0000000080b00000| Untracked 
|  12|0x0000000080c00000, 0x0000000080d00000, 0x0000000080d00000|100%| O|  |TAMS 0x0000000080d00000, 0x0000000080c00000| Untracked 
|  13|0x0000000080d00000, 0x0000000080e00000, 0x0000000080e00000|100%| O|  |TAMS 0x0000000080e00000, 0x0000000080d00000| Untracked 
|  14|0x0000000080e00000, 0x0000000080f00000, 0x0000000080f00000|100%| O|  |TAMS 0x0000000080f00000, 0x0000000080e00000| Untracked 
|  15|0x0000000080f00000, 0x0000000081000000, 0x0000000081000000|100%| O|  |TAMS 0x0000000081000000, 0x0000000080f00000| Untracked 
|  16|0x0000000081000000, 0x00000000810f0000, 0x0000000081100000| 93%| O|  |TAMS 0x00000000810f0000, 0x0000000081000000| Untracked 
|  17|0x0000000081100000, 0x0000000081100000, 0x0000000081200000|  0%| F|  |TAMS 0x0000000081100000, 0x0000000081100000| Untracked 
|  18|0x0000000081200000, 0x0000000081200000, 0x0000000081300000|  0%| F|  |TAMS 0x0000000081200000, 0x0000000081200000| Untracked 
|  19|0x0000000081300000, 0x0000000081300000, 0x0000000081400000|  0%| F|  |TAMS 0x0000000081300000, 0x0000000081300000| Untracked 
|  20|0x0000000081400000, 0x0000000081400000, 0x0000000081500000|  0%| F|  |TAMS 0x0000000081400000, 0x0000000081400000| Untracked 
|  21|0x0000000081500000, 0x0000000081500000, 0x0000000081600000|  0%| F|  |TAMS 0x0000000081500000, 0x0000000081500000| Untracked 
|  22|0x0000000081600000, 0x0000000081600000, 0x0000000081700000|  0%| F|  |TAMS 0x0000000081600000, 0x0000000081600000| Untracked 
|  23|0x0000000081700000, 0x0000000081700000, 0x0000000081800000|  0%| F|  |TAMS 0x0000000081700000, 0x0000000081700000| Untracked 
|  24|0x0000000081800000, 0x0000000081800000, 0x0000000081900000|  0%| F|  |TAMS 0x0000000081800000, 0x0000000081800000| Untracked 
|  25|0x0000000081900000, 0x0000000081900000, 0x0000000081a00000|  0%| F|  |TAMS 0x0000000081900000, 0x0000000081900000| Untracked 
|  26|0x0000000081a00000, 0x0000000081a00000, 0x0000000081b00000|  0%| F|  |TAMS 0x0000000081a00000, 0x0000000081a00000| Untracked 
|  27|0x0000000081b00000, 0x0000000081b00000, 0x0000000081c00000|  0%| F|  |TAMS 0x0000000081b00000, 0x0000000081b00000| Untracked 
|  28|0x0000000081c00000, 0x0000000081c00000, 0x0000000081d00000|  0%| F|  |TAMS 0x0000000081c00000, 0x0000000081c00000| Untracked 
|  29|0x0000000081d00000, 0x0000000081d00000, 0x0000000081e00000|  0%| F|  |TAMS 0x0000000081d00000, 0x0000000081d00000| Untracked 
|  30|0x0000000081e00000, 0x0000000081e00000, 0x0000000081f00000|  0%| F|  |TAMS 0x0000000081e00000, 0x0000000081e00000| Untracked 
|  31|0x0000000081f00000, 0x0000000081f00000, 0x0000000082000000|  0%| F|  |TAMS 0x0000000081f00000, 0x0000000081f00000| Untracked 
|  32|0x0000000082000000, 0x0000000082000000, 0x0000000082100000|  0%| F|  |TAMS 0x0000000082000000, 0x0000000082000000| Untracked 
|  33|0x0000000082100000, 0x0000000082100000, 0x0000000082200000|  0%| F|  |TAMS 0x0000000082100000, 0x0000000082100000| Untracked 
|  34|0x0000000082200000, 0x0000000082200000, 0x0000000082300000|  0%| F|  |TAMS 0x0000000082200000, 0x0000000082200000| Untracked 
|  35|0x0000000082300000, 0x0000000082300000, 0x0000000082400000|  0%| F|  |TAMS 0x0000000082300000, 0x0000000082300000| Untracked 
|  36|0x0000000082400000, 0x0000000082400000, 0x0000000082500000|  0%| F|  |TAMS 0x0000000082400000, 0x0000000082400000| Untracked 
|  37|0x0000000082500000, 0x0000000082500000, 0x0000000082600000|  0%| F|  |TAMS 0x0000000082500000, 0x0000000082500000| Untracked 
|  38|0x0000000082600000, 0x0000000082600000, 0x0000000082700000|  0%| F|  |TAMS 0x0000000082600000, 0x0000000082600000| Untracked 
|  39|0x0000000082700000, 0x0000000082700000, 0x0000000082800000|  0%| F|  |TAMS 0x0000000082700000, 0x0000000082700000| Untracked 
|  40|0x0000000082800000, 0x0000000082800000, 0x0000000082900000|  0%| F|  |TAMS 0x0000000082800000, 0x0000000082800000| Untracked 
|  41|0x0000000082900000, 0x0000000082900000, 0x0000000082a00000|  0%| F|  |TAMS 0x0000000082900000, 0x0000000082900000| Untracked 
|  42|0x0000000082a00000, 0x0000000082a00000, 0x0000000082b00000|  0%| F|  |TAMS 0x0000000082a00000, 0x0000000082a00000| Untracked 
|  43|0x0000000082b00000, 0x0000000082b00000, 0x0000000082c00000|  0%| F|  |TAMS 0x0000000082b00000, 0x0000000082b00000| Untracked 
|  44|0x0000000082c00000, 0x0000000082c00000, 0x0000000082d00000|  0%| F|  |TAMS 0x0000000082c00000, 0x0000000082c00000| Untracked 
|  45|0x0000000082d00000, 0x0000000082d00000, 0x0000000082e00000|  0%| F|  |TAMS 0x0000000082d00000, 0x0000000082d00000| Untracked 
|  46|0x0000000082e00000, 0x0000000082e00000, 0x0000000082f00000|  0%| F|  |TAMS 0x0000000082e00000, 0x0000000082e00000| Untracked 
|  47|0x0000000082f00000, 0x0000000082f00000, 0x0000000083000000|  0%| F|  |TAMS 0x0000000082f00000, 0x0000000082f00000| Untracked 
|  48|0x0000000083000000, 0x0000000083000000, 0x0000000083100000|  0%| F|  |TAMS 0x0000000083000000, 0x0000000083000000| Untracked 
|  49|0x0000000083100000, 0x0000000083100000, 0x0000000083200000|  0%| F|  |TAMS 0x0000000083100000, 0x0000000083100000| Untracked 
|  50|0x0000000083200000, 0x0000000083200000, 0x0000000083300000|  0%| F|  |TAMS 0x0000000083200000, 0x0000000083200000| Untracked 
|  51|0x0000000083300000, 0x0000000083300000, 0x0000000083400000|  0%| F|  |TAMS 0x0000000083300000, 0x0000000083300000| Untracked 
|  52|0x0000000083400000, 0x0000000083400000, 0x0000000083500000|  0%| F|  |TAMS 0x0000000083400000, 0x0000000083400000| Untracked 
|  53|0x0000000083500000, 0x0000000083500000, 0x0000000083600000|  0%| F|  |TAMS 0x0000000083500000, 0x0000000083500000| Untracked 
|  54|0x0000000083600000, 0x0000000083600000, 0x0000000083700000|  0%| F|  |TAMS 0x0000000083600000, 0x0000000083600000| Untracked 
|  55|0x0000000083700000, 0x0000000083700000, 0x0000000083800000|  0%| F|  |TAMS 0x0000000083700000, 0x0000000083700000| Untracked 
|  56|0x0000000083800000, 0x0000000083800000, 0x0000000083900000|  0%| F|  |TAMS 0x0000000083800000, 0x0000000083800000| Untracked 
|  57|0x0000000083900000, 0x0000000083900000, 0x0000000083a00000|  0%| F|  |TAMS 0x0000000083900000, 0x0000000083900000| Untracked 
|  58|0x0000000083a00000, 0x0000000083a00000, 0x0000000083b00000|  0%| F|  |TAMS 0x0000000083a00000, 0x0000000083a00000| Untracked 
|  59|0x0000000083b00000, 0x0000000083b00000, 0x0000000083c00000|  0%| F|  |TAMS 0x0000000083b00000, 0x0000000083b00000| Untracked 
|  60|0x0000000083c00000, 0x0000000083c00000, 0x0000000083d00000|  0%| F|  |TAMS 0x0000000083c00000, 0x0000000083c00000| Untracked 
|  61|0x0000000083d00000, 0x0000000083d00000, 0x0000000083e00000|  0%| F|  |TAMS 0x0000000083d00000, 0x0000000083d00000| Untracked 
|  62|0x0000000083e00000, 0x0000000083e00000, 0x0000000083f00000|  0%| F|  |TAMS 0x0000000083e00000, 0x0000000083e00000| Untracked 
|  63|0x0000000083f00000, 0x0000000083f00000, 0x0000000084000000|  0%| F|  |TAMS 0x0000000083f00000, 0x0000000083f00000| Untracked 
|  64|0x0000000084000000, 0x0000000084000000, 0x0000000084100000|  0%| F|  |TAMS 0x0000000084000000, 0x0000000084000000| Untracked 
|  65|0x0000000084100000, 0x0000000084100000, 0x0000000084200000|  0%| F|  |TAMS 0x0000000084100000, 0x0000000084100000| Untracked 
|  66|0x0000000084200000, 0x0000000084200000, 0x0000000084300000|  0%| F|  |TAMS 0x0000000084200000, 0x0000000084200000| Untracked 
|  67|0x0000000084300000, 0x0000000084300000, 0x0000000084400000|  0%| F|  |TAMS 0x0000000084300000, 0x0000000084300000| Untracked 
|  68|0x0000000084400000, 0x0000000084400000, 0x0000000084500000|  0%| F|  |TAMS 0x0000000084400000, 0x0000000084400000| Untracked 
|  69|0x0000000084500000, 0x0000000084500000, 0x0000000084600000|  0%| F|  |TAMS 0x0000000084500000, 0x0000000084500000| Untracked 
|  70|0x0000000084600000, 0x0000000084600000, 0x0000000084700000|  0%| F|  |TAMS 0x0000000084600000, 0x0000000084600000| Untracked 
|  71|0x0000000084700000, 0x0000000084700000, 0x0000000084800000|  0%| F|  |TAMS 0x0000000084700000, 0x0000000084700000| Untracked 
|  72|0x0000000084800000, 0x0000000084800000, 0x0000000084900000|  0%| F|  |TAMS 0x0000000084800000, 0x0000000084800000| Untracked 
|  73|0x0000000084900000, 0x0000000084900000, 0x0000000084a00000|  0%| F|  |TAMS 0x0000000084900000, 0x0000000084900000| Untracked 
|  74|0x0000000084a00000, 0x0000000084a00000, 0x0000000084b00000|  0%| F|  |TAMS 0x0000000084a00000, 0x0000000084a00000| Untracked 
|  75|0x0000000084b00000, 0x0000000084b00000, 0x0000000084c00000|  0%| F|  |TAMS 0x0000000084b00000, 0x0000000084b00000| Untracked 
|  76|0x0000000084c00000, 0x0000000084c00000, 0x0000000084d00000|  0%| F|  |TAMS 0x0000000084c00000, 0x0000000084c00000| Untracked 
|  77|0x0000000084d00000, 0x0000000084d00000, 0x0000000084e00000|  0%| F|  |TAMS 0x0000000084d00000, 0x0000000084d00000| Untracked 
|  78|0x0000000084e00000, 0x0000000084e00000, 0x0000000084f00000|  0%| F|  |TAMS 0x0000000084e00000, 0x0000000084e00000| Untracked 
|  79|0x0000000084f00000, 0x0000000084f00000, 0x0000000085000000|  0%| F|  |TAMS 0x0000000084f00000, 0x0000000084f00000| Untracked 
|  80|0x0000000085000000, 0x0000000085000000, 0x0000000085100000|  0%| F|  |TAMS 0x0000000085000000, 0x0000000085000000| Untracked 
|  81|0x0000000085100000, 0x0000000085100000, 0x0000000085200000|  0%| F|  |TAMS 0x0000000085100000, 0x0000000085100000| Untracked 
|  82|0x0000000085200000, 0x0000000085200000, 0x0000000085300000|  0%| F|  |TAMS 0x0000000085200000, 0x0000000085200000| Untracked 
|  83|0x0000000085300000, 0x0000000085300000, 0x0000000085400000|  0%| F|  |TAMS 0x0000000085300000, 0x0000000085300000| Untracked 
|  84|0x0000000085400000, 0x0000000085400000, 0x0000000085500000|  0%| F|  |TAMS 0x0000000085400000, 0x0000000085400000| Untracked 
|  85|0x0000000085500000, 0x0000000085500000, 0x0000000085600000|  0%| F|  |TAMS 0x0000000085500000, 0x0000000085500000| Untracked 
|  86|0x0000000085600000, 0x0000000085600000, 0x0000000085700000|  0%| F|  |TAMS 0x0000000085600000, 0x0000000085600000| Untracked 
|  87|0x0000000085700000, 0x0000000085700000, 0x0000000085800000|  0%| F|  |TAMS 0x0000000085700000, 0x0000000085700000| Untracked 
|  88|0x0000000085800000, 0x0000000085800000, 0x0000000085900000|  0%| F|  |TAMS 0x0000000085800000, 0x0000000085800000| Untracked 
|  89|0x0000000085900000, 0x0000000085900000, 0x0000000085a00000|  0%| F|  |TAMS 0x0000000085900000, 0x0000000085900000| Untracked 
|  90|0x0000000085a00000, 0x0000000085a00000, 0x0000000085b00000|  0%| F|  |TAMS 0x0000000085a00000, 0x0000000085a00000| Untracked 
|  91|0x0000000085b00000, 0x0000000085b00000, 0x0000000085c00000|  0%| F|  |TAMS 0x0000000085b00000, 0x0000000085b00000| Untracked 
|  92|0x0000000085c00000, 0x0000000085c00000, 0x0000000085d00000|  0%| F|  |TAMS 0x0000000085c00000, 0x0000000085c00000| Untracked 
|  93|0x0000000085d00000, 0x0000000085d00000, 0x0000000085e00000|  0%| F|  |TAMS 0x0000000085d00000, 0x0000000085d00000| Untracked 
|  94|0x0000000085e00000, 0x0000000085e00000, 0x0000000085f00000|  0%| F|  |TAMS 0x0000000085e00000, 0x0000000085e00000| Untracked 
|  95|0x0000000085f00000, 0x0000000085f00000, 0x0000000086000000|  0%| F|  |TAMS 0x0000000085f00000, 0x0000000085f00000| Untracked 
|  96|0x0000000086000000, 0x0000000086000000, 0x0000000086100000|  0%| F|  |TAMS 0x0000000086000000, 0x0000000086000000| Untracked 
|  97|0x0000000086100000, 0x0000000086100000, 0x0000000086200000|  0%| F|  |TAMS 0x0000000086100000, 0x0000000086100000| Untracked 
|  98|0x0000000086200000, 0x0000000086200000, 0x0000000086300000|  0%| F|  |TAMS 0x0000000086200000, 0x0000000086200000| Untracked 
|  99|0x0000000086300000, 0x0000000086300000, 0x0000000086400000|  0%| F|  |TAMS 0x0000000086300000, 0x0000000086300000| Untracked 
| 100|0x0000000086400000, 0x0000000086400000, 0x0000000086500000|  0%| F|  |TAMS 0x0000000086400000, 0x0000000086400000| Untracked 
| 101|0x0000000086500000, 0x0000000086500000, 0x0000000086600000|  0%| F|  |TAMS 0x0000000086500000, 0x0000000086500000| Untracked 
| 102|0x0000000086600000, 0x0000000086600000, 0x0000000086700000|  0%| F|  |TAMS 0x0000000086600000, 0x0000000086600000| Untracked 
| 103|0x0000000086700000, 0x0000000086700000, 0x0000000086800000|  0%| F|  |TAMS 0x0000000086700000, 0x0000000086700000| Untracked 
| 104|0x0000000086800000, 0x0000000086800000, 0x0000000086900000|  0%| F|  |TAMS 0x0000000086800000, 0x0000000086800000| Untracked 
| 105|0x0000000086900000, 0x0000000086900000, 0x0000000086a00000|  0%| F|  |TAMS 0x0000000086900000, 0x0000000086900000| Untracked 
| 106|0x0000000086a00000, 0x0000000086a6e160, 0x0000000086b00000| 43%| S|CS|TAMS 0x0000000086a00000, 0x0000000086a00000| Complete 
| 107|0x0000000086b00000, 0x0000000086c00000, 0x0000000086c00000|100%| S|CS|TAMS 0x0000000086b00000, 0x0000000086b00000| Complete 
| 108|0x0000000086c00000, 0x0000000086d00000, 0x0000000086d00000|100%| S|CS|TAMS 0x0000000086c00000, 0x0000000086c00000| Complete 
| 109|0x0000000086d00000, 0x0000000086e00000, 0x0000000086e00000|100%| S|CS|TAMS 0x0000000086d00000, 0x0000000086d00000| Complete 
| 110|0x0000000086e00000, 0x0000000086f00000, 0x0000000086f00000|100%| S|CS|TAMS 0x0000000086e00000, 0x0000000086e00000| Complete 
| 111|0x0000000086f00000, 0x0000000087000000, 0x0000000087000000|100%| S|CS|TAMS 0x0000000086f00000, 0x0000000086f00000| Complete 
| 112|0x0000000087000000, 0x0000000087100000, 0x0000000087100000|100%| S|CS|TAMS 0x0000000087000000, 0x0000000087000000| Complete 
| 113|0x0000000087100000, 0x0000000087100000, 0x0000000087200000|  0%| F|  |TAMS 0x0000000087100000, 0x0000000087100000| Untracked 
| 114|0x0000000087200000, 0x0000000087200000, 0x0000000087300000|  0%| F|  |TAMS 0x0000000087200000, 0x0000000087200000| Untracked 
| 115|0x0000000087300000, 0x0000000087300000, 0x0000000087400000|  0%| F|  |TAMS 0x0000000087300000, 0x0000000087300000| Untracked 
| 116|0x0000000087400000, 0x0000000087400000, 0x0000000087500000|  0%| F|  |TAMS 0x0000000087400000, 0x0000000087400000| Untracked 
| 117|0x0000000087500000, 0x0000000087500000, 0x0000000087600000|  0%| F|  |TAMS 0x0000000087500000, 0x0000000087500000| Untracked 
| 118|0x0000000087600000, 0x0000000087600000, 0x0000000087700000|  0%| F|  |TAMS 0x0000000087600000, 0x0000000087600000| Untracked 
| 119|0x0000000087700000, 0x0000000087700000, 0x0000000087800000|  0%| F|  |TAMS 0x0000000087700000, 0x0000000087700000| Untracked 
| 120|0x0000000087800000, 0x0000000087800000, 0x0000000087900000|  0%| F|  |TAMS 0x0000000087800000, 0x0000000087800000| Untracked 
| 121|0x0000000087900000, 0x00000000879bdf20, 0x0000000087a00000| 74%| E|  |TAMS 0x0000000087900000, 0x0000000087900000| Complete 
| 122|0x0000000087a00000, 0x0000000087b00000, 0x0000000087b00000|100%| E|CS|TAMS 0x0000000087a00000, 0x0000000087a00000| Complete 
| 123|0x0000000087b00000, 0x0000000087c00000, 0x0000000087c00000|100%| E|CS|TAMS 0x0000000087b00000, 0x0000000087b00000| Complete 
| 124|0x0000000087c00000, 0x0000000087d00000, 0x0000000087d00000|100%| E|CS|TAMS 0x0000000087c00000, 0x0000000087c00000| Complete 
| 125|0x0000000087d00000, 0x0000000087e00000, 0x0000000087e00000|100%| E|CS|TAMS 0x0000000087d00000, 0x0000000087d00000| Complete 
| 126|0x0000000087e00000, 0x0000000087f00000, 0x0000000087f00000|100%| E|CS|TAMS 0x0000000087e00000, 0x0000000087e00000| Complete 
| 127|0x0000000087f00000, 0x0000000088000000, 0x0000000088000000|100%| E|CS|TAMS 0x0000000087f00000, 0x0000000087f00000| Complete 

Card table byte_map: [0x000001e8a8db0000,0x000001e8a91b0000] _byte_map_base: 0x000001e8a89b0000

Marking Bits (Prev, Next): (CMBitMap*) 0x000001e8923194d8, (CMBitMap*) 0x000001e892319510
 Prev Bits: [0x000001e8a95b0000, 0x000001e8ab5b0000)
 Next Bits: [0x000001e8ab5b0000, 0x000001e8ad5b0000)

Polling page: 0x000001e890050000

Metaspace:

Usage:
  Non-class:     31.49 MB capacity,    30.93 MB ( 98%) used,   485.16 KB (  2%) free+waste,    85.25 KB ( <1%) overhead. 
      Class:      4.95 MB capacity,     4.62 MB ( 93%) used,   298.45 KB (  6%) free+waste,    43.31 KB ( <1%) overhead. 
       Both:     36.44 MB capacity,    35.55 MB ( 98%) used,   783.61 KB (  2%) free+waste,   128.56 KB ( <1%) overhead. 

Virtual space:
  Non-class space:       32.00 MB reserved,      31.57 MB ( 99%) committed 
      Class space:      504.00 MB reserved,       5.00 MB ( <1%) committed 
             Both:      536.00 MB reserved,      36.57 MB (  7%) committed 

Chunk freelists:
   Non-Class:  7.25 KB
       Class:  2.50 KB
        Both:  9.75 KB

CodeHeap 'non-profiled nmethods': size=120064Kb used=1466Kb max_used=1466Kb free=118598Kb
 bounds [0x000001e8a1470000, 0x000001e8a16e0000, 0x000001e8a89b0000]
CodeHeap 'profiled nmethods': size=120000Kb used=6612Kb max_used=6612Kb free=113387Kb
 bounds [0x000001e899f40000, 0x000001e89a5c0000, 0x000001e8a1470000]
CodeHeap 'non-nmethods': size=5696Kb used=1220Kb max_used=1220Kb free=4475Kb
 bounds [0x000001e8999b0000, 0x000001e899c20000, 0x000001e899f40000]
 total_blobs=3623 nmethods=3078 adapters=456
 compilation: enabled
              stopped_count=0, restarted_count=0
 full_count=0

Compilation events (10 events):
Event: 68.229 Thread 0x000001e8b0430800 3081   !   3       java.lang.invoke.BootstrapMethodInvoker::invoke (688 bytes)
Event: 68.238 Thread 0x000001e8b0430800 nmethod 3081 0x000001e89a5aa490 code [0x000001e89a5aad20, 0x000001e89a5b1ba8]
Event: 68.238 Thread 0x000001e8b0430800 3084       3       org.codehaus.groovy.reflection.CachedMethod::getReturnType (8 bytes)
Event: 68.239 Thread 0x000001e8b0430800 nmethod 3084 0x000001e89a5b4b90 code [0x000001e89a5b4d20, 0x000001e89a5b4e38]
Event: 68.239 Thread 0x000001e8b0430800 3082       1       groovy.lang.MetaProperty::getName (5 bytes)
Event: 68.239 Thread 0x000001e8b0430800 nmethod 3082 0x000001e8a15de210 code [0x000001e8a15de3a0, 0x000001e8a15de458]
Event: 68.239 Thread 0x000001e8b0430800 3083       3       jdk.internal.org.objectweb.asm.ClassWriter::visitEnd (1 bytes)
Event: 68.239 Thread 0x000001e8b0430800 nmethod 3083 0x000001e89a5b4f10 code [0x000001e89a5b50a0, 0x000001e89a5b5198]
Event: 68.239 Thread 0x000001e8b0430800 3080       1       java.util.TreeMap$Entry::getValue (5 bytes)
Event: 68.239 Thread 0x000001e8b0430800 nmethod 3080 0x000001e8a15de510 code [0x000001e8a15de6a0, 0x000001e8a15de758]

GC Heap History (10 events):
Event: 52.696 GC heap before
{Heap before GC invocations=2 (full 0):
 garbage-first heap   total 131072K, used 51706K [0x0000000080000000, 0x0000000100000000)
  region size 1024K, 42 young (43008K), 6 survivors (6144K)
 Metaspace       used 18006K, capacity 18382K, committed 18688K, reserved 532480K
  class space    used 2112K, capacity 2242K, committed 2304K, reserved 516096K
}
Event: 52.758 GC heap after
{Heap after GC invocations=3 (full 0):
 garbage-first heap   total 131072K, used 17555K [0x0000000080000000, 0x0000000100000000)
  region size 1024K, 3 young (3072K), 3 survivors (3072K)
 Metaspace       used 18006K, capacity 18382K, committed 18688K, reserved 532480K
  class space    used 2112K, capacity 2242K, committed 2304K, reserved 516096K
}
Event: 55.440 GC heap before
{Heap before GC invocations=3 (full 0):
 garbage-first heap   total 131072K, used 40083K [0x0000000080000000, 0x0000000100000000)
  region size 1024K, 26 young (26624K), 3 survivors (3072K)
 Metaspace       used 20759K, capacity 21224K, committed 21296K, reserved 536576K
  class space    used 2523K, capacity 2687K, committed 2688K, reserved 516096K
}
Event: 55.451 GC heap after
{Heap after GC invocations=4 (full 0):
 garbage-first heap   total 131072K, used 18504K [0x0000000080000000, 0x0000000100000000)
  region size 1024K, 4 young (4096K), 4 survivors (4096K)
 Metaspace       used 20759K, capacity 21224K, committed 21296K, reserved 536576K
  class space    used 2523K, capacity 2687K, committed 2688K, reserved 516096K
}
Event: 58.789 GC heap before
{Heap before GC invocations=5 (full 0):
 garbage-first heap   total 131072K, used 70728K [0x0000000080000000, 0x0000000100000000)
  region size 1024K, 55 young (56320K), 4 survivors (4096K)
 Metaspace       used 25204K, capacity 25833K, committed 26032K, reserved 538624K
  class space    used 3259K, capacity 3482K, committed 3584K, reserved 516096K
}
Event: 58.804 GC heap after
{Heap after GC invocations=6 (full 0):
 garbage-first heap   total 131072K, used 20550K [0x0000000080000000, 0x0000000100000000)
  region size 1024K, 6 young (6144K), 6 survivors (6144K)
 Metaspace       used 25204K, capacity 25833K, committed 26032K, reserved 538624K
  class space    used 3259K, capacity 3482K, committed 3584K, reserved 516096K
}
Event: 65.364 GC heap before
{Heap before GC invocations=6 (full 0):
 garbage-first heap   total 131072K, used 83014K [0x0000000080000000, 0x0000000100000000)
  region size 1024K, 67 young (68608K), 6 survivors (6144K)
 Metaspace       used 30906K, capacity 31596K, committed 31792K, reserved 544768K
  class space    used 4136K, capacity 4434K, committed 4480K, reserved 516096K
}
Event: 65.378 GC heap after
{Heap after GC invocations=7 (full 0):
 garbage-first heap   total 131072K, used 22123K [0x0000000080000000, 0x0000000100000000)
  region size 1024K, 5 young (5120K), 5 survivors (5120K)
 Metaspace       used 30906K, capacity 31596K, committed 31792K, reserved 544768K
  class space    used 4136K, capacity 4434K, committed 4480K, reserved 516096K
}
Event: 67.885 GC heap before
{Heap before GC invocations=7 (full 0):
 garbage-first heap   total 131072K, used 36459K [0x0000000080000000, 0x0000000100000000)
  region size 1024K, 20 young (20480K), 5 survivors (5120K)
 Metaspace       used 34715K, capacity 35562K, committed 35708K, reserved 548864K
  class space    used 4505K, capacity 4844K, committed 4864K, reserved 516096K
}
Event: 67.909 GC heap after
{Heap after GC invocations=8 (full 0):
 garbage-first heap   total 131072K, used 23928K [0x0000000080000000, 0x0000000100000000)
  region size 1024K, 7 young (7168K), 7 survivors (7168K)
 Metaspace       used 34715K, capacity 35562K, committed 35708K, reserved 548864K
  class space    used 4505K, capacity 4844K, committed 4864K, reserved 516096K
}

Deoptimization events (10 events):
Event: 58.773 Thread 0x000001e8b0cf8000 Uncommon trap: reason=intrinsic_or_type_checked_inlining action=make_not_entrant pc=0x000001e8a15966e4 method=java.util.Arrays.copyOf([Ljava/lang/Object;ILjava/lang/Class;)[Ljava/lang/Object; @ 35 c2
Event: 59.199 Thread 0x000001e8b0cf8000 Uncommon trap: reason=predicate action=maybe_recompile pc=0x000001e8a1595f7c method=com.google.common.base.CharMatcher.indexIn(Ljava/lang/CharSequence;I)I @ 19 c2
Event: 61.938 Thread 0x000001e8b150b800 Uncommon trap: reason=unstable_if action=reinterpret pc=0x000001e8a14aa190 method=java.lang.AbstractStringBuilder.append(Ljava/lang/String;)Ljava/lang/AbstractStringBuilder; @ 1 c2
Event: 61.938 Thread 0x000001e8b150b800 Uncommon trap: reason=unstable_if action=reinterpret pc=0x000001e8a14a4ae4 method=java.lang.AbstractStringBuilder.append(Ljava/lang/String;)Ljava/lang/AbstractStringBuilder; @ 1 c2
Event: 63.781 Thread 0x000001e8b0cf8000 Uncommon trap: reason=unstable_if action=reinterpret pc=0x000001e8a15525ac method=java.util.HashMap.hash(Ljava/lang/Object;)I @ 1 c2
Event: 63.782 Thread 0x000001e8b0cf8000 Uncommon trap: reason=unstable_if action=reinterpret pc=0x000001e8a1549c2c method=java.util.HashMap.hash(Ljava/lang/Object;)I @ 1 c2
Event: 65.448 Thread 0x000001e8b0cf8000 Uncommon trap: reason=unstable_if action=reinterpret pc=0x000001e8a1569a6c method=java.util.HashMap.putVal(ILjava/lang/Object;Ljava/lang/Object;ZZ)Ljava/lang/Object; @ 162 c2
Event: 67.778 Thread 0x000001e8b0cf8000 Uncommon trap: reason=unstable_if action=reinterpret pc=0x000001e8a1576b80 method=jdk.internal.loader.BuiltinClassLoader.loadClassOrNull(Ljava/lang/String;Z)Ljava/lang/Class; @ 42 c2
Event: 68.129 Thread 0x000001e8b0cf8000 Uncommon trap: reason=unstable_if action=reinterpret pc=0x000001e8a159d590 method=jdk.internal.org.objectweb.asm.Type.getArgumentsAndReturnSizes(Ljava/lang/String;)I @ 136 c2
Event: 68.144 Thread 0x000001e8b0cf8000 Uncommon trap: reason=speculate_null_assert action=make_not_entrant pc=0x000001e8a150c5f0 method=jdk.internal.loader.URLClassPath$JarLoader.getResource(Ljava/lang/String;ZLjava/util/Set;)Ljdk/internal/loader/Resource; @ 17 c2

Classes redefined (0 events):
No events

Internal exceptions (10 events):
Event: 68.130 Thread 0x000001e8b0cf8000 Exception <a 'java/lang/NoSuchMethodError'{0x0000000087d79060}: java.lang.invoke.DirectMethodHandle$Holder.invokeStatic(Ljava/lang/Object;Ljava/lang/Object;Ljava/lang/Object;Ljava/lang/Object;Ljava/lang/Object;Ljava/lang/Object;Ljava/lang/Object;Ljava/lan
Event: 68.134 Thread 0x000001e8b0cf8000 Exception <a 'java/lang/NoSuchMethodError'{0x0000000087d97ed0}: java.lang.invoke.DirectMethodHandle$Holder.invokeStatic(Ljava/lang/Object;Ljava/lang/Object;Ljava/lang/Object;Ljava/lang/Object;Ljava/lang/Object;Ljava/lang/Object;Ljava/lang/Object;Ljava/lan
Event: 68.137 Thread 0x000001e8b0cf8000 Exception <a 'java/lang/NoSuchMethodError'{0x0000000087db79a0}: java.lang.invoke.DirectMethodHandle$Holder.invokeStatic(Ljava/lang/Object;Ljava/lang/Object;Ljava/lang/Object;Ljava/lang/Object;Ljava/lang/Object;Ljava/lang/Object;Ljava/lang/Object;Ljava/lan
Event: 68.140 Thread 0x000001e8b0cf8000 Exception <a 'java/lang/NoSuchMethodError'{0x0000000087dd8d38}: java.lang.invoke.DirectMethodHandle$Holder.invokeStatic(Ljava/lang/Object;Ljava/lang/Object;Ljava/lang/Object;Ljava/lang/Object;Ljava/lang/Object;Ljava/lang/Object;Ljava/lang/Object;Ljava/lan
Event: 68.156 Thread 0x000001e8b0cf8000 Exception <a 'java/lang/ClassNotFoundException'{0x0000000087c099f0}: groovy/lang/ExpandoMetaClassBeanInfo> (0x0000000087c099f0) thrown at [./open/src/hotspot/share/classfile/systemDictionary.cpp, line 226]
Event: 68.166 Thread 0x000001e8b0cf8000 Exception <a 'java/lang/ClassNotFoundException'{0x0000000087c2a3d8}: groovy/lang/MetaClassImplBeanInfo> (0x0000000087c2a3d8) thrown at [./open/src/hotspot/share/classfile/systemDictionary.cpp, line 226]
Event: 68.168 Thread 0x000001e8b0cf8000 Exception <a 'java/lang/ClassNotFoundException'{0x0000000087c33930}: java/lang/ObjectBeanInfo> (0x0000000087c33930) thrown at [./open/src/hotspot/share/classfile/systemDictionary.cpp, line 226]
Event: 68.186 Thread 0x000001e8b0cf8000 Exception <a 'java/lang/ClassNotFoundException'{0x0000000087c3f2f8}: java/lang/ObjectCustomizer> (0x0000000087c3f2f8) thrown at [./open/src/hotspot/share/classfile/systemDictionary.cpp, line 226]
Event: 68.214 Thread 0x000001e8b0cf8000 Exception <a 'java/lang/ClassNotFoundException'{0x0000000087c66bf0}: groovy/lang/MetaClassImplCustomizer> (0x0000000087c66bf0) thrown at [./open/src/hotspot/share/classfile/systemDictionary.cpp, line 226]
Event: 68.224 Thread 0x000001e8b0cf8000 Exception <a 'java/lang/ClassNotFoundException'{0x0000000087ca72b8}: groovy/lang/ExpandoMetaClassCustomizer> (0x0000000087ca72b8) thrown at [./open/src/hotspot/share/classfile/systemDictionary.cpp, line 226]

Events (10 events):
Event: 68.359 loading class org/codehaus/groovy/control/CompilerConfiguration$1
Event: 68.359 loading class org/codehaus/groovy/control/CompilerConfiguration$1 done
Event: 68.361 loading class org/codehaus/groovy/control/ConfigurationException
Event: 68.361 loading class org/codehaus/groovy/control/ConfigurationException done
Event: 68.361 loading class org/codehaus/groovy/GroovyExceptionInterface
Event: 68.361 loading class org/codehaus/groovy/GroovyExceptionInterface done
Event: 68.363 loading class org/codehaus/groovy/control/io/NullWriter
Event: 68.363 loading class org/codehaus/groovy/control/io/NullWriter done
Event: 68.366 loading class org/apache/groovy/util/Maps
Event: 68.366 loading class org/apache/groovy/util/Maps done


Dynamic libraries:
0x00007ff790840000 - 0x00007ff79084f000 	C:\Program Files\Java\jdk-11.0.17\bin\java.exe
0x00007ffaafa10000 - 0x00007ffaafc07000 	C:\Windows\SYSTEM32\ntdll.dll
0x00007ffaaf500000 - 0x00007ffaaf5bd000 	C:\Windows\System32\KERNEL32.DLL
0x00007ffaad4d0000 - 0x00007ffaad7c6000 	C:\Windows\System32\KERNELBASE.dll
0x00007ffaad2b0000 - 0x00007ffaad3b0000 	C:\Windows\System32\ucrtbase.dll
0x00007ffa972e0000 - 0x00007ffa972f8000 	C:\Program Files\Java\jdk-11.0.17\bin\jli.dll
0x00007ffaaf2c0000 - 0x00007ffaaf36e000 	C:\Windows\System32\ADVAPI32.dll
0x00007ffaaee60000 - 0x00007ffaaeefe000 	C:\Windows\System32\msvcrt.dll
0x00007ffaaf370000 - 0x00007ffaaf40c000 	C:\Windows\System32\sechost.dll
0x00007ffaae3f0000 - 0x00007ffaae516000 	C:\Windows\System32\RPCRT4.dll
0x00007ffaae250000 - 0x00007ffaae3ee000 	C:\Windows\System32\USER32.dll
0x00007ffaad160000 - 0x00007ffaad182000 	C:\Windows\System32\win32u.dll
0x00007ffaaee30000 - 0x00007ffaaee5c000 	C:\Windows\System32\GDI32.dll
0x00007ffaad190000 - 0x00007ffaad2aa000 	C:\Windows\System32\gdi32full.dll
0x00007ffaad3b0000 - 0x00007ffaad44d000 	C:\Windows\System32\msvcp_win.dll
0x00007ffa96d70000 - 0x00007ffa96d85000 	C:\Program Files\Java\jdk-11.0.17\bin\VCRUNTIME140.dll
0x00007ffa9aaf0000 - 0x00007ffa9ad8a000 	C:\Windows\WinSxS\amd64_microsoft.windows.common-controls_6595b64144ccf1df_6.0.19041.3570_none_60bb2a3971f3e41a\COMCTL32.dll
0x00007ffa9d190000 - 0x00007ffa9d19a000 	C:\Windows\SYSTEM32\VERSION.dll
0x00007ffaae520000 - 0x00007ffaae550000 	C:\Windows\System32\IMM32.DLL
0x00007ffa7fbb0000 - 0x00007ffa7fc4b000 	C:\Program Files\Java\jdk-11.0.17\bin\msvcp140.dll
0x00007ffa42f80000 - 0x00007ffa43a9a000 	C:\Program Files\Java\jdk-11.0.17\bin\server\jvm.dll
0x00007ffaaf410000 - 0x00007ffaaf418000 	C:\Windows\System32\PSAPI.DLL
0x00007ffaa9fa0000 - 0x00007ffaa9fa9000 	C:\Windows\SYSTEM32\WSOCK32.dll
0x00007ffaaed00000 - 0x00007ffaaed6b000 	C:\Windows\System32\WS2_32.dll
0x00007ffa95af0000 - 0x00007ffa95b17000 	C:\Windows\SYSTEM32\WINMM.dll
0x00007ffaaaf90000 - 0x00007ffaaafa2000 	C:\Windows\SYSTEM32\kernel.appcore.dll
0x00007ffa970a0000 - 0x00007ffa970b0000 	C:\Program Files\Java\jdk-11.0.17\bin\verify.dll
0x00007ffa9b690000 - 0x00007ffa9b874000 	C:\Windows\SYSTEM32\DBGHELP.DLL
0x00007ffa9b650000 - 0x00007ffa9b684000 	C:\Windows\SYSTEM32\dbgcore.DLL
0x00007ffaad7d0000 - 0x00007ffaad852000 	C:\Windows\System32\bcryptPrimitives.dll
0x00007ffa8e380000 - 0x00007ffa8e3a8000 	C:\Program Files\Java\jdk-11.0.17\bin\java.dll
0x00007ffa97060000 - 0x00007ffa9706a000 	C:\Program Files\Java\jdk-11.0.17\bin\jimage.dll
0x00007ffa92be0000 - 0x00007ffa92bf6000 	C:\Program Files\Java\jdk-11.0.17\bin\zip.dll
0x00007ffaae550000 - 0x00007ffaaec94000 	C:\Windows\System32\SHELL32.dll
0x00007ffaab190000 - 0x00007ffaab92b000 	C:\Windows\SYSTEM32\windows.storage.dll
0x00007ffaaef60000 - 0x00007ffaaf2b4000 	C:\Windows\System32\combase.dll
0x00007ffaacb30000 - 0x00007ffaacb5d000 	C:\Windows\SYSTEM32\Wldp.dll
0x00007ffaaf6d0000 - 0x00007ffaaf77d000 	C:\Windows\System32\SHCORE.dll
0x00007ffaaef00000 - 0x00007ffaaef55000 	C:\Windows\System32\shlwapi.dll
0x00007ffaad020000 - 0x00007ffaad045000 	C:\Windows\SYSTEM32\profapi.dll
0x00007ffa92c20000 - 0x00007ffa92c39000 	C:\Program Files\Java\jdk-11.0.17\bin\net.dll
0x00007ffaa4b40000 - 0x00007ffaa4c4a000 	C:\Windows\SYSTEM32\WINHTTP.dll
0x00007ffaac890000 - 0x00007ffaac8fa000 	C:\Windows\system32\mswsock.dll
0x00007ffa90b50000 - 0x00007ffa90b62000 	C:\Program Files\Java\jdk-11.0.17\bin\nio.dll
0x00007ffaa7fc0000 - 0x00007ffaa7fe7000 	C:\Users\USER\.gradle\native\68d5fa5c4cc2d200863cafc0d521ce42e7d3e7ee720ec0a83991735586a16f82\windows-amd64\native-platform.dll
0x00007ffa83360000 - 0x00007ffa834a4000 	C:\Users\USER\.gradle\native\e376f236ea51e6404a007f0833ffe2c6e607c4080706a723a18a27aeea778392\windows-amd64\native-platform-file-events.dll
0x00007ffa93b20000 - 0x00007ffa93b29000 	C:\Program Files\Java\jdk-11.0.17\bin\management.dll
0x00007ffa90bf0000 - 0x00007ffa90bfb000 	C:\Program Files\Java\jdk-11.0.17\bin\management_ext.dll
0x00007ffaaca90000 - 0x00007ffaacaa8000 	C:\Windows\SYSTEM32\CRYPTSP.dll
0x00007ffaac130000 - 0x00007ffaac164000 	C:\Windows\system32\rsaenh.dll
0x00007ffaad450000 - 0x00007ffaad477000 	C:\Windows\System32\bcrypt.dll
0x00007ffaacfe0000 - 0x00007ffaad00e000 	C:\Windows\SYSTEM32\USERENV.dll
0x00007ffaaca80000 - 0x00007ffaaca8c000 	C:\Windows\SYSTEM32\CRYPTBASE.dll
0x00007ffaac530000 - 0x00007ffaac56b000 	C:\Windows\SYSTEM32\IPHLPAPI.DLL
0x00007ffaaf5e0000 - 0x00007ffaaf5e8000 	C:\Windows\System32\NSI.dll
0x00007ffaa5420000 - 0x00007ffaa5437000 	C:\Windows\SYSTEM32\dhcpcsvc6.DLL
0x00007ffaa5570000 - 0x00007ffaa558d000 	C:\Windows\SYSTEM32\dhcpcsvc.DLL
0x00007ffaac580000 - 0x00007ffaac64a000 	C:\Windows\SYSTEM32\DNSAPI.dll

dbghelp: loaded successfully - version: 4.0.5 - missing functions: none
symbol engine: initialized successfully - sym options: 0x614 - pdb path: .;C:\Program Files\Java\jdk-11.0.17\bin;C:\Windows\SYSTEM32;C:\Windows\WinSxS\amd64_microsoft.windows.common-controls_6595b64144ccf1df_6.0.19041.3570_none_60bb2a3971f3e41a;C:\Program Files\Java\jdk-11.0.17\bin\server;C:\Users\USER\.gradle\native\68d5fa5c4cc2d200863cafc0d521ce42e7d3e7ee720ec0a83991735586a16f82\windows-amd64;C:\Users\USER\.gradle\native\e376f236ea51e6404a007f0833ffe2c6e607c4080706a723a18a27aeea778392\windows-amd64

VM Arguments:
jvm_args: -XX:MaxMetaspaceSize=512m --add-opens=java.base/java.util=ALL-UNNAMED --add-opens=java.base/java.lang=ALL-UNNAMED --add-opens=java.base/java.lang.invoke=ALL-UNNAMED --add-opens=java.prefs/java.util.prefs=ALL-UNNAMED --add-opens=java.base/java.nio.charset=ALL-UNNAMED --add-opens=java.base/java.net=ALL-UNNAMED --add-opens=java.base/java.util.concurrent.atomic=ALL-UNNAMED -Xmx2048m -Dfile.encoding=windows-1252 -Duser.country=US -Duser.language=en -Duser.variant 
java_command: org.gradle.launcher.daemon.bootstrap.GradleDaemon 8.0.1
java_class_path (initial): C:\Users\USER\.gradle\wrapper\dists\gradle-8.0.1-all\aro4hu1c3oeioove7l0i4i14o\gradle-8.0.1\lib\gradle-launcher-8.0.1.jar
Launcher Type: SUN_STANDARD

[Global flags]
     intx CICompilerCount                          = 3                                         {product} {ergonomic}
   size_t CompressedClassSpaceSize                 = 528482304                                 {product} {ergonomic}
     uint ConcGCThreads                            = 1                                         {product} {ergonomic}
     uint G1ConcRefinementThreads                  = 4                                         {product} {ergonomic}
   size_t G1HeapRegionSize                         = 1048576                                   {product} {ergonomic}
    uintx GCDrainStackTargetSize                   = 64                                        {product} {ergonomic}
   size_t InitialHeapSize                          = 134217728                                 {product} {ergonomic}
   size_t MarkStackSize                            = 4194304                                   {product} {ergonomic}
   size_t MaxHeapSize                              = 2147483648                                {product} {command line}
   size_t MaxMetaspaceSize                         = 536870912                                 {product} {command line}
   size_t MaxNewSize                               = 1287651328                                {product} {ergonomic}
   size_t MinHeapDeltaBytes                        = 1048576                                   {product} {ergonomic}
    uintx NonNMethodCodeHeapSize                   = 5830732                                {pd product} {ergonomic}
    uintx NonProfiledCodeHeapSize                  = 122913754                              {pd product} {ergonomic}
    uintx ProfiledCodeHeapSize                     = 122913754                              {pd product} {ergonomic}
    uintx ReservedCodeCacheSize                    = 251658240                              {pd product} {ergonomic}
     bool SegmentedCodeCache                       = true                                      {product} {ergonomic}
     bool UseCompressedClassPointers               = true                                 {lp64_product} {ergonomic}
     bool UseCompressedOops                        = true                                 {lp64_product} {ergonomic}
     bool UseG1GC                                  = true                                      {product} {ergonomic}
     bool UseLargePagesIndividualAllocation        = false                                  {pd product} {ergonomic}

Logging:
Log output configuration:
 #0: stdout all=warning uptime,level,tags
 #1: stderr all=off uptime,level,tags

Environment Variables:
JAVA_HOME=C:\Program Files\Java\jdk-11.0.17
CLASSPATH=C:\Users\USER\ReactNativeProject\android\\gradle\wrapper\gradle-wrapper.jar
PATH=C:\Users\USER\ReactNativeProject\node_modules\.bin;C:\Users\USER\ReactNativeProject\node_modules\.bin;C:\Users\USER\node_modules\.bin;C:\Users\node_modules\.bin;C:\node_modules\.bin;C:\Program Files\nodejs\node_modules\npm\node_modules\@npmcli\run-script\lib\node-gyp-bin;C:\Users\USER\ReactNativeProject\node_modules\.bin;C:\Users\USER\node_modules\.bin;C:\Users\node_modules\.bin;C:\node_modules\.bin;C:\Program Files\nodejs\node_modules\npm\node_modules\@npmcli\run-script\lib\node-gyp-bin;C:\Program Files\Eclipse Adoptium\jdk-11.0.20.101-hotspot\bin;C:\Program Files\Common Files\Oracle\Java\javapath;C:\Program Files (x86)\Common Files\Intel\Shared Files\cpp\bin\Intel64;C:\Windows\system32;C:\Windows;C:\Windows\System32\Wbem;C:\Windows\System32\WindowsPowerShell\v1.0\;C:\Windows\System32\OpenSSH\;C:\ProgramData\chocolatey\bin;C:\Program Files\Git\cmd;C:\Program Files\nodejs\;C:\Program Files\dotnet\;C:\Users\USER\AppData\Local\Microsoft\WindowsApps;;C:\Users\USER\AppData\Local\Programs\Microsoft VS Code\bin;C:\Users\USER\AppData\Roaming\npm
USERNAME=USER
OS=Windows_NT
PROCESSOR_IDENTIFIER=Intel64 Family 6 Model 69 Stepping 1, GenuineIntel



---------------  S Y S T E M  ---------------

OS: Windows 10 , 64 bit Build 19041 (10.0.19041.3570)

CPU:total 4 (initial active 4) (2 cores per cpu, 2 threads per core) family 6 model 69 stepping 1 microcode 0x25, cmov, cx8, fxsr, mmx, sse, sse2, sse3, ssse3, sse4.1, sse4.2, popcnt, avx, avx2, aes, clmul, erms, lzcnt, ht, tsc, tscinvbit, bmi1, bmi2, fma

Memory: 4k page, system-wide physical 8071M (300M free)
TotalPageFile size 13891M (AvailPageFile size 5M)
current process WorkingSet (physical memory assigned to process): 205M, peak: 207M
current process commit charge ("private bytes"): 284M, peak: 285M

vm_info: Java HotSpot(TM) 64-Bit Server VM (11.0.17+10-LTS-269) for windows-amd64 JRE (11.0.17+10-LTS-269), built on Sep 13 2022 19:26:37 by "mach5one" with MS VC++ 15.9 (VS2017)

END.
